#
# There is insufficient memory for the Java Runtime Environment to continue.
# Native memory allocation (malloc) failed to allocate 1048576 bytes. Error detail: AllocateHeap
# Possible reasons:
#   The system is out of physical RAM or swap space
#   This process is running with CompressedOops enabled, and the Java Heap may be blocking the growth of the native heap
# Possible solutions:
#   Reduce memory load on the system
#   Increase physical memory or swap space
#   Check if swap backing store is full
#   Decrease Java heap size (-Xmx/-Xms)
#   Decrease number of Java threads
#   Decrease Java thread stack sizes (-Xss)
#   Set larger code cache with -XX:ReservedCodeCacheSize=
#   JVM is running with Zero Based Compressed Oops mode in which the Java heap is
#     placed in the first 32GB address space. The Java Heap base address is the
#     maximum limit for the native heap growth. Please use -XX:HeapBaseMinAddress
#     to set the Java Heap base and to place the Java Heap above 32GB virtual address.
# This output file may be truncated or incomplete.
#
#  Out of Memory Error (allocation.cpp:44), pid=71952, tid=52716
#
# JRE version:  (21.0.9+10) (build )
# Java VM: OpenJDK 64-Bit Server VM (21.0.9+10-LTS, mixed mode, sharing, tiered, compressed oops, compressed class ptrs, g1 gc, windows-amd64)
# No core dump will be written. Minidumps are not enabled by default on client versions of Windows
#

---------------  S U M M A R Y ------------

Command Line: -Dfile.encoding=UTF-8 -Duser.country=KR -Duser.language=ko -Duser.variant com.example.Myroutine.MyroutineApplication

Host: Intel(R) Core(TM) i5-10210U CPU @ 1.60GHz, 8 cores, 15G,  Windows 10 , 64 bit Build 19041 (10.0.19041.5915)
Time: Mon Jun 15 22:27:48 2026 elapsed time: 0.018930 seconds (0d 0h 0m 0s)

---------------  T H R E A D  ---------------

Current thread (0x0000011f073a1990):  JavaThread "Unknown thread" [_thread_in_vm, id=52716, stack(0x0000001915800000,0x0000001915900000) (1024K)]

Stack: [0x0000001915800000,0x0000001915900000]
Native frames: (J=compiled Java code, j=interpreted, Vv=VM code, C=native code)
V  [jvm.dll+0x6df259]  (no source info available)
V  [jvm.dll+0x8bfe4b]  (no source info available)
V  [jvm.dll+0x8c23da]  (no source info available)
V  [jvm.dll+0x8c2ab3]  (no source info available)
V  [jvm.dll+0x28a416]  (no source info available)
V  [jvm.dll+0xc3c07]  (no source info available)
V  [jvm.dll+0x343605]  (no source info available)
V  [jvm.dll+0x33b802]  (no source info available)
V  [jvm.dll+0x88976e]  (no source info available)
V  [jvm.dll+0x3cdbf1]  (no source info available)
V  [jvm.dll+0x87267c]  (no source info available)
V  [jvm.dll+0x461751]  (no source info available)
V  [jvm.dll+0x463391]  (no source info available)
C  [jli.dll+0x52f0]  (no source info available)
C  [ucrtbase.dll+0x21bb2]  (no source info available)
C  [KERNEL32.DLL+0x17374]  (no source info available)
C  [ntdll.dll+0x4cc91]  (no source info available)


---------------  P R O C E S S  ---------------

Threads class SMR info:
_java_thread_list=0x00007ffcf6417288, length=0, elements={
}

Java Threads: ( => current thread )
Total: 0

Other Threads:
  0x0000011f050b3ca0 WorkerThread "GC Thread#0"                     [id=65308, stack(0x0000001915900000,0x0000001915a00000) (1024K)]

[error occurred during error reporting (printing all threads), id 0xc0000005, EXCEPTION_ACCESS_VIOLATION (0xc0000005) at pc=0x00007ffcf5b08150]
VM state: not at safepoint (not fully initialized)

VM Mutex/Monitor currently owned by a thread:  ([mutex/lock_event])
[0x00007ffcf648b9b0] Heap_lock - owner thread: 0x0000011f073a1990

Heap address: 0x0000000702e00000, size: 4050 MB, Compressed Oops mode: Zero based, Oop shift amount: 3

CDS archive(s) mapped at: [0x0000000000000000-0x0000000000000000-0x0000000000000000), size 0, SharedBaseAddress: 0x0000000800000000, ArchiveRelocationMode: 1.
Narrow klass base: 0x0000000000000000, Narrow klass shift: 0, Narrow klass range: 0x0

GC Precious Log:
 CardTable entry size: 512
 Card Set container configuration: InlinePtr #cards 4 size 8 Array Of Cards #cards 16 size 48 Howl #buckets 8 coarsen threshold 3686 Howl Bitmap #cards 512 size 80 coarsen threshold 460 Card regions per heap region 1 cards per card region 4096

Heap:
 garbage-first heap   total 0K, used 0K [0x0000000702e00000, 0x0000000800000000)
  region size 2048K, 0 young (0K), 0 survivors (0K)

[error occurred during error reporting (printing heap information), id 0xc0000005, EXCEPTION_ACCESS_VIOLATION (0xc0000005) at pc=0x00007ffcf5efc219]
GC Heap History (0 events):
No events

Dll operation events (1 events):
Event: 0.013 Loaded shared library C:\Users\Master\.jdks\ms-21.0.9\bin\java.dll

Deoptimization events (0 events):
No events

Classes loaded (0 events):
No events

Classes unloaded (0 events):
No events

Classes redefined (0 events):
No events

Internal exceptions (0 events):
No events

ZGC Phase Switch (0 events):
No events

VM Operations (0 events):
No events

Memory protections (0 events):
No events

Nmethod flushes (0 events):
No events

Events (0 events):
No events


Dynamic libraries:
0x00007ff7cff90000 - 0x00007ff7cff9e000 	C:\Users\Master\.jdks\ms-21.0.9\bin\java.exe
0x00007ffd85cb0000 - 0x00007ffd85ea8000 	C:\Windows\SYSTEM32\ntdll.dll
0x00007ffd84d90000 - 0x00007ffd84e52000 	C:\Windows\System32\KERNEL32.DLL
0x00007ffd83670000 - 0x00007ffd83966000 	C:\Windows\System32\KERNELBASE.dll
0x00007ffd83970000 - 0x00007ffd83a70000 	C:\Windows\System32\ucrtbase.dll
0x00007ffd691d0000 - 0x00007ffd691ee000 	C:\Users\Master\.jdks\ms-21.0.9\bin\VCRUNTIME140.dll
0x00007ffd68f50000 - 0x00007ffd68f68000 	C:\Users\Master\.jdks\ms-21.0.9\bin\jli.dll
0x00007ffd84980000 - 0x00007ffd84b21000 	C:\Windows\System32\USER32.dll
0x00007ffd83c00000 - 0x00007ffd83c22000 	C:\Windows\System32\win32u.dll
0x00007ffd84c50000 - 0x00007ffd84c7b000 	C:\Windows\System32\GDI32.dll
0x00007ffd6bdf0000 - 0x00007ffd6c08b000 	C:\Windows\WinSxS\amd64_microsoft.windows.common-controls_6595b64144ccf1df_6.0.19041.6456_none_60b8a6cb71f64256\COMCTL32.dll
0x00007ffd834a0000 - 0x00007ffd835b9000 	C:\Windows\System32\gdi32full.dll
0x00007ffd848b0000 - 0x00007ffd8494e000 	C:\Windows\System32\msvcrt.dll
0x00007ffd83c30000 - 0x00007ffd83ccd000 	C:\Windows\System32\msvcp_win.dll
0x00007ffd84950000 - 0x00007ffd8497f000 	C:\Windows\System32\IMM32.DLL
0x00007ffd76690000 - 0x00007ffd7669c000 	C:\Users\Master\.jdks\ms-21.0.9\bin\vcruntime140_1.dll
0x00007ffd52c60000 - 0x00007ffd52ce9000 	C:\Users\Master\.jdks\ms-21.0.9\bin\msvcp140.dll
0x00007ffcf57c0000 - 0x00007ffcf656d000 	C:\Users\Master\.jdks\ms-21.0.9\bin\server\jvm.dll
0x00007ffd85310000 - 0x00007ffd853c1000 	C:\Windows\System32\ADVAPI32.dll
0x00007ffd84ce0000 - 0x00007ffd84d7f000 	C:\Windows\System32\sechost.dll
0x00007ffd851f0000 - 0x00007ffd85310000 	C:\Windows\System32\RPCRT4.dll
0x00007ffd835c0000 - 0x00007ffd835e7000 	C:\Windows\System32\bcrypt.dll
0x00007ffd850d0000 - 0x00007ffd8513b000 	C:\Windows\System32\WS2_32.dll
0x00007ffd82840000 - 0x00007ffd8288b000 	C:\Windows\SYSTEM32\POWRPROF.dll
0x00007ffd7b700000 - 0x00007ffd7b70a000 	C:\Windows\SYSTEM32\VERSION.dll
0x00007ffd68500000 - 0x00007ffd68527000 	C:\Windows\SYSTEM32\WINMM.dll
0x00007ffd82700000 - 0x00007ffd82712000 	C:\Windows\SYSTEM32\UMPDC.dll
0x00007ffd81170000 - 0x00007ffd81182000 	C:\Windows\SYSTEM32\kernel.appcore.dll
0x00007ffd752c0000 - 0x00007ffd752ca000 	C:\Users\Master\.jdks\ms-21.0.9\bin\jimage.dll
0x00007ffd7eb50000 - 0x00007ffd7ed51000 	C:\Windows\SYSTEM32\DBGHELP.DLL
0x00007ffd63b30000 - 0x00007ffd63b64000 	C:\Windows\SYSTEM32\dbgcore.DLL
0x00007ffd83b70000 - 0x00007ffd83bf2000 	C:\Windows\System32\bcryptPrimitives.dll
0x00007ffd67550000 - 0x00007ffd67571000 	C:\Users\Master\.jdks\ms-21.0.9\bin\java.dll

JVMTI agents: none

dbghelp: loaded successfully - version: 4.0.5 - missing functions: none
symbol engine: initialized successfully - sym options: 0x614 - pdb path: .;C:\Users\Master\.jdks\ms-21.0.9\bin;C:\Windows\SYSTEM32;C:\Windows\WinSxS\amd64_microsoft.windows.common-controls_6595b64144ccf1df_6.0.19041.6456_none_60b8a6cb71f64256;C:\Users\Master\.jdks\ms-21.0.9\bin\server

VM Arguments:
jvm_args: -Dfile.encoding=UTF-8 -Duser.country=KR -Duser.language=ko -Duser.variant 
java_command: com.example.Myroutine.MyroutineApplication
java_class_path (initial): C:\Myroutine\build\classes\java\main;C:\Myroutine\build\resources\main;C:\Users\Master\.gradle\caches\modules-2\files-2.1\org.springframework.boot\spring-boot-starter-web\4.0.5\f79e2b414df86a6c61ff1a583ce755bac9adbf4c\spring-boot-starter-web-4.0.5.jar;C:\Users\Master\.gradle\caches\modules-2\files-2.1\org.springframework.boot\spring-boot-starter-data-jpa\4.0.5\a3c0f0ce8718685f41558b30cc0e18fa0aec6ed0\spring-boot-starter-data-jpa-4.0.5.jar;C:\Users\Master\.gradle\caches\modules-2\files-2.1\org.springframework.boot\spring-boot-starter-thymeleaf\4.0.5\5a6e6000adff55d5e9236f40223204b7c8d62c5c\spring-boot-starter-thymeleaf-4.0.5.jar;C:\Users\Master\.gradle\caches\modules-2\files-2.1\com.h2database\h2\2.4.240\686180ad33981ad943fdc0ab381e619b2c2fdfe5\h2-2.4.240.jar;C:\Users\Master\.gradle\caches\modules-2\files-2.1\org.mariadb.jdbc\mariadb-java-client\3.5.7\452ea913ff32dcd58e816565ebebb1abf8fae82e\mariadb-java-client-3.5.7.jar;C:\Users\Master\.gradle\caches\modules-2\files-2.1\org.springframework.boot\spring-boot-starter-jackson\4.0.5\16d3f8e99476fd61f39de7e96d2b66a2d18e943d\spring-boot-starter-jackson-4.0.5.jar;C:\Users\Master\.gradle\caches\modules-2\files-2.1\org.springframework.boot\spring-boot-starter-tomcat\4.0.5\f8dc612cb0cdd09c0d29f1a16bfbf184629f247\spring-boot-starter-tomcat-4.0.5.jar;C:\Users\Master\.gradle\caches\modules-2\files-2.1\org.springframework.boot\spring-boot-webmvc\4.0.5\33bed4ae1c0fef88d4ebdb82916fbb19b884a034\spring-boot-webmvc-4.0.5.jar;C:\Users\Master\.gradle\caches\modules-2\files-2.1\org.springframework.boot\spring-boot-http-converter\4.0.5\54326cc39a6fd5d5f5bf63f5b25d527d3cd40b57\spring-boot-http-converter-4.0.5.jar;C:\Users\Master\.gradle\caches\modules-2\files-2.1\org.springframework.boot\spring-boot-starter-jdbc\4.0.5\2ca3dfd8e504d7fec3c477a0ed44231e37d531a4\spring-boot-starter-jdbc-4.0.5.jar;C:\Users\Master\.gradle\caches\modules-2\files-2.1\org.springframework.boot\spring-boot-starter\4.0.5\2767611655cf4a17306c3331f95b6f90db83ee06\spring-boot-starter-4.0.5.jar;C:\Users\Master\.gradle\caches\modules-2\files-2.1\org.springframework.boot\spring-boot-data-jpa\4.0.5\63ccca96fabdd60b682f54be7127723b6cdbf04a\spring-boot-data-jpa-4.0.5.jar;C:\Users\Master\.gradle\caches\modules-2\files-2.1\org.springframework.boot\spring-boot-hibernate\4.0.5\920b9d847da7109fbe585967486eef153466e630\spring-boot-hibernate-4.0.5.jar;C:\Users\Master\.gradle\caches\modules-2\files-2.1\org.springframework.boot\spring-boot-jpa\4.0.5\c3530a499809aeab48dff7911312105fa457939d\spring-boot-jpa-4.0.5.jar;C:\Users\Master\.gradle\caches\modules-2\files-2.1\org.springframework.boot\spring-boot-jdbc\4.0.5\91b50419766f999c4a7c155d74955a67ad00237d\spring-boot-jdbc-4.0.5.jar;C:\Users\Master\.gradle\caches\modules-2\files-2.1\org.springframework.boot\spring-boot-thymeleaf\4.0.5\259e6783e6685fab48b5de9b30cfd6f8fb940f63\spring-boot-thymeleaf-4.0.5.jar;C:\Users\Master\.gradle\caches\modules-2\files-2.1\org.springframework.boot\spring-boot-jackson\4.0.5\86a6e7f4c1e1c613dfdbf0b320b5092e725a53f6\spring-boot-jackson-4.0.5.jar;C:\Users\Master\.gradle\caches\modules-2\files-2.1\org.springframework.boot\spring-boot-starter-tomcat-runtime\4.0.5\d352a6c24ad93d1518233ddce144a180d491073b\spring-boot-starter-tomcat-runtime-4.0.5.jar;C:\Users\Master\.gradle\caches\modules-2\files-2.1\org.springframework.boot\spring-boot-tomcat\4.0.5\de470a149dd8e9871cf8b918541303dfce6553b8\spring-boot-tomcat-4.0.5.jar;C:\Users\Master\.gradle\caches\modules-2\files-2.1\org.springframework.boot\spring-boot-servlet\4.0.5\2d198d18d68eb0f3bc0bde435cb684a955f32ad5\spring-boot-servlet-4.0.5.jar;C:\Users\Master\.gradle\caches\modules-2\files-2.1\org.springframework.boot\spring-boot-autoconfigure\4.0.5\bf08009c287a35514024334852a88cb257e783dc\spring-boot-autoconfigure-4.0.5.jar;C:\Users\Master\.gradle\caches\modules-2\files-2.1\org.springframework.boot\spring-boot-data-commons\4.0.5\2a09a26870c634b1caaed9cd2d06b13a24869e4\spring-boot-data-commons-4.0.5.jar;C:\Users\Master\.gradle\caches\modules-2\files-2.1\org.springframework.boot\spring-boot-sql\4.0.5\465edfcf125b39ace75cb02a383277d2eb9bea72\spring-boot-sql-4.0.5.jar;C:\Users\Master\.gradle\caches\modules-2\files-2.1\org.springframework.boot\spring-boot-transaction\4.0.5\37bcc8daa316b761223588c5e457ab92b89e2b71\spring-boot-transaction-4.0.5.jar;C:\Users\Master\.gradle\caches\modules-2\files-2.1\org.springframework.boot\spring-boot-web-server\4.0.5\e70e3422c68f2fae6fcb2782be5fa31c0a788a6d\spring-boot-web-server-4.0.5.jar;C:\Users\Master\.gradle\caches\modules-2\files-2.1\org.springframework.boot\spring-boot-persistence\4.0.5\dbfa95f90464d81da553c092572154214ac97c47\spring-boot-persistence-4.0.5.jar;C:\Users\Master\.gradle\caches\modules-2\files-2.1\org.springframework.boot\spring-boot\4.0.5\465309ef0008c598d714c3b4d27c9f9e0876d015\spring-boot-4.0.5.jar;C:\Users\Master\.gradle\caches\modules-2\files-2.1\org.springframework\spring-webmvc\7.0.6\da516a887d0fea326c16b07fb2519f7f112f8eda\spring-webmvc-7.0.6.jar;C:\Users\Master\.gradle\caches\modules-2\files-2.1\org.springframework\spring-web\7.0.6\2baeb353efd42374239cc45e8d02780d6c6e7a77\spring-web-7.0.6.jar;C:\Users\Master\.gradle\caches\modules-2\files-2.1\org.springframework.boot\spring-boot-starter-logging\4.0.5\a8ec816a66922170c0b2abbc4720382fb248183d\spring-boot-starter-logging-4.0.5.jar;C:\Users\Master\.gradle\caches\modules-2\files-2.1\org.springframework.data\spring-data-jpa\4.0.4\4421c139d505613ee2bb4cee1f8d51c219e36380\spring-data-jpa-4.0.4.jar;C:\Users\Master\.gradle\caches\modules-2\files-2.1\jakarta.annotation\jakarta.annotation-api\3.0.0\54f928fadec906a99d558536756d171917b9d936\jakarta.annotation-api-3.0.0.jar;C:\Users\Master\.gradle\caches\modules-2\files-2.1\org.yaml\snakeyaml\2.5\2d53ddec134280cb384c1e35d094e5f71c1f2316\snakeyaml-2.5.jar;C:\Users\Master\.gradle\caches\modules-2\files-2.1\com.zaxxer\HikariCP\7.0.2\c2b43c946b86a14a96342379e22b004c56c6166d\HikariCP-7.0.2.jar;C:\Users\Master\.gradle\caches\modules-2\files-2.1\org.springframework\spring-aspects\7.0.6\5a89bac97d1aa057aa9bafc1cd1c76b1329dc0cc\spring-aspects-7.0.6.jar;C:\Users\Master\.gradle\caches\modules-2\files-2.1\org.springframework\spring-orm\7.0.6\719bd92fe383fcc5b084675667da870ff8dabeca\spring-orm-7.0.6.jar;C:\Users\Master\.gradle\caches\modules-2\files-2.1\org.springframework\spring-jdbc\7.0.6\5640a8dd396b13e5ecc7ad222c0788eb0214a743\spring-jdbc-7.0.6.jar;C:\Users\Master\.gradle\caches\modules-2\files-2.1\org.thymeleaf\thymeleaf-spring6\3.1.3.RELEASE\4b276ea2bd536a18e44b40ff1d9f4848965ff59c\thymeleaf-spring6-3.1.3.RELEASE.jar;C:\Users\Master\.gradle\caches\modules-2\files-2.1\tools.jackson.core\jackson-core\3.1.0\df0dc5d0bf720739ae7b6afeee2af2aabf88905b\jackson-core-3.1.0.jar;C:\Users\Master\.gradle\caches\modules-2\files-2.1\tools.jackson.core\jackson-databind\3.1.0\59a342020cc4f5a49335c16820be6ed8ca8ee6c7\jackson-databind-3.1.0.jar;C:\Users\Master\.gradle\caches\modules-2\files-2.1\org.apache.tomcat.embed\tomcat-embed-websocket\11.0.20\e7f0889299296445fba512d43858b863d563e1d2\tomcat-embed-websocket-11.0.20.jar;C:\Users\Master\.gradle\caches\modules-2\files-2.1\org.apache.tomcat.embed\tomcat-embed-core\11.0.20\384f1db7c5a017bf0381fc03693606a08b252c23\tomcat-embed-core-11.0.20.jar;C:\Users\Master\.gradle\caches\modules-2\files-2.1\org.apache.tomcat.embed\tomcat-embed-el\11.0.20\ed5ce9eeb3fae5b39e6da171f24430d3b7c3195b\tomcat-embed-el-11.0.20.jar;C:\Users\Master\.gradle\caches\modules-2\files-2.1\org.springframework\spring-context\7.0.6\e722fa5455c1be437de1947d570506cb2bb142e9\spring-context-7.0.6.jar;C:\Users\Master\.gradle\caches\modules-2\files-2.1\org.springframework\spring-aop\7.0.6\1b8358db4326013f8cfcbf22061aa076489dfbbe\spring-aop-7.0.6.jar;C:\Users\Master\.gradle\caches\modules-2\files-2.1\org.springframework.data\spring-data-commons\4.0.4\7770d18057ad59f7af71584c45583f303d17a6f0\spring-data-commons-4.0.4.jar;C:\Users\Master\.gradle\caches\modules-2\files-2.1\org.springframework\spring-tx\7.0.6\94e443fe301137d8fec6f8092e10ed62bd6432b3\spring-tx-7.0.6.jar;C:\Users\Master\.gradle\caches\modules-2\files-2.1\org.springframework\spring-beans\7.0.6\e8433956653fd38cf0b1d8769484ca8411123713\spring-beans-7.0.6.jar;C:\Users\Master\.gradle\caches\modules-2\files-2.1\org.springframework\spring-expression\7.0.6\c00c73c545c81e2eae224a46a7c509fca74a2860\spring-expression-7.0.6.jar;C:\Users\Master\.gradle\caches\modules-2\files-2.1\org.springframework\spring-core\7.0.6\5e4e7fd5bee4be66a0786abe0c90419a713114b5\spring-core-7.0.6.jar;C:\Users\Master\.gradle\caches\modules-2\files-2.1\io.micrometer\micrometer-observation\1.16.4\64b57332a68b75ba36d9bf9b4cfd62610d0fb158\micrometer-observation-1.16.4.jar;C:\Users\Master\.gradle\caches\modules-2\files-2.1\ch.qos.logback\logback-classic\1.5.32\2b1042c50f508f2eb402bd4d22ccbdf94cc37d2e\logback-classic-1.5.32.jar;C:\Users\Master\.gradle\caches\modules-2\files-2.1\org.apache.logging.log4j\log4j-to-slf4j\2.25.3\30adfb40cca243ec88cf7ec1fddb411ab55faa4f\log4j-to-slf4j-2.25.3.jar;C:\Users\Master\.gradle\caches\modules-2\files-2.1\org.slf4j\jul-to-slf4j\2.0.17\524cb6ccc2b68a57604750e1ab8b13b5a786a6aa\jul-to-slf4j-2.0.17.jar;C:\Users\Master\.gradle\caches\modules-2\files-2.1\org.thymeleaf\thymeleaf\3.1.3.RELEASE\51474f2a90b282ee97dabcd159c7faf24790f373\thymeleaf-3.1.3.RELEASE.jar;C:\Users\Master\.gradle\caches\modules-2\files-2.1\org.slf4j\slf4j-api\2.0.17\d9e58ac9c7779ba3bf8142aff6c830617a7fe60f\slf4j-api-2.0.17.jar;C:\Users\Master\.gradle\caches\modules-2\files-2.1\org.hibernate.orm\hibernate-core\7.2.7.Final\2d4b2af4c6b3b1723f2832ebca83bd154662cefd\hibernate-core-7.2.7.Final.jar;C:\Users\Master\.gradle\caches\modules-2\files-2.1\org.antlr\antlr4-runtime\4.13.2\fc3db6d844df652a3d5db31c87fa12757f13691d\antlr4-runtime-4.13.2.jar;C:\Users\Master\.gradle\caches\modules-2\files-2.1\org.aspectj\aspectjweaver\1.9.25.1\a713c790da4d794c7dfb542b550d4e44898d5e23\aspectjweaver-1.9.25.1.jar;C:\Users\Master\.gradle\caches\modules-2\files-2.1\com.fasterxml.jackson.core\jackson-annotations\2.21\b1bc1868bf02dc0bd6c7836257a036a331005309\jackson-annotations-2.21.jar;C:\Users\Master\.gradle\caches\modules-2\files-2.1\commons-logging\commons-logging\1.3.6\63e78ca6cd446c0ad166d14f03ed99e7efb3896d\commons-logging-1.3.6.jar;C:\Users\Master\.gradle\caches\modules-2\files-2.1\io.micrometer\micrometer-commons\1.16.4\b6a0e350a714f4cd973d760e68104c9602b4564c\micrometer-commons-1.16.4.jar;C:\Users\Master\.gradle\caches\modules-2\files-2.1\org.jspecify\jspecify\1.0.0\7425a601c1c7ec76645a78d22b8c6a627edee507\jspecify-1.0.0.jar;C:\Users\Master\.gradle\caches\modules-2\files-2.1\ch.qos.logback\logback-core\1.5.32\fdfb3ff9a842303d4a95207294a6c6bc64e2605d\logback-core-1.5.32.jar;C:\Users\Master\.gradle\caches\modules-2\files-2.1\org.apache.logging.log4j\log4j-api\2.25.3\fb385330d89c2d61058ef649403f214633569205\log4j-api-2.25.3.jar;C:\Users\Master\.gradle\caches\modules-2\files-2.1\jakarta.persistence\jakarta.persistence-api\3.2.0\bb75a113f3fa191c2c7ee7b206d8e674251b3129\jakarta.persistence-api-3.2.0.jar;C:\Users\Master\.gradle\caches\modules-2\files-2.1\jakarta.transaction\jakarta.transaction-api\2.0.1\51a520e3fae406abb84e2e1148e6746ce3f80a1a\jakarta.transaction-api-2.0.1.jar;C:\Users\Master\.gradle\caches\modules-2\files-2.1\org.hibernate.models\hibernate-models\1.0.1\3158c5f9309494b905de62c72f6f02d108aea651\hibernate-models-1.0.1.jar;C:\Users\Master\.gradle\caches\modules-2\files-2.1\org.jboss.logging\jboss-logging\3.6.3.Final\1cc9f976725720bb4a66f80af3e3aa6b9890d969\jboss-logging-3.6.3.Final.jar;C:\Users\Master\.gradle\caches\modules-2\files-2.1\com.fasterxml\classmate\1.7.3\f61c7e7b81e9249b0f6a05914eff9d54fb09f4a0\classmate-1.7.3.jar;C:\Users\Master\.gradle\caches\modules-2\files-2.1\net.bytebuddy\byte-buddy\1.17.8\af5735f63d00ca47a9375fae5c7471a36331c6ed\byte-buddy-1.17.8.jar;C:\Users\Master\.gradle\caches\modules-2\files-2.1\org.glassfish.jaxb\jaxb-runtime\4.0.6\fb95ebb62564657b2fedfe165b859789ef3a8711\jaxb-runtime-4.0.6.jar;C:\Users\Master\.gradle\caches\modules-2\files-2.1\org.glassfish.jaxb\jaxb-core\4.0.6\8e61282303777fc98a00cc3affd0560d68748a75\jaxb-core-4.0.6.jar;C:\Users\Master\.gradle\caches\modules-2\files-2.1\jakarta.xml.bind\jakarta.xml.bind-api\4.0.4\d6d2327f3817d9a33a3b6b8f2e15a96bc2e7afdc\jakarta.xml.bind-api-4.0.4.jar;C:\Users\Master\.gradle\caches\modules-2\files-2.1\jakarta.inject\jakarta.inject-api\2.0.1\4c28afe1991a941d7702fe1362c365f0a8641d1e\jakarta.inject-api-2.0.1.jar;C:\Users\Master\.gradle\caches\modules-2\files-2.1\org.attoparser\attoparser\2.0.7.RELEASE\e5d0e988d9124139d645bb5872b24dfa23e283cc\attoparser-2.0.7.RELEASE.jar;C:\Users\Master\.gradle\caches\modules-2\files-2.1\org.unbescape\unbescape\1.1.6.RELEASE\7b90360afb2b860e09e8347112800d12c12b2a13\unbescape-1.1.6.RELEASE.jar;C:\Users\Master\.gradle\caches\modules-2\files-2.1\org.eclipse.angus\angus-activation\2.0.3\7f80607ea5014fef0b1779e6c33d63a88a45a563\angus-activation-2.0.3.jar;C:\Users\Master\.gradle\caches\modules-2\files-2.1\jakarta.activation\jakarta.activation-api\2.1.4\9e5c2a0d75dde71a0bedc4dbdbe47b78a5dc50f8\jakarta.activation-api-2.1.4.jar;C:\Users\Master\.gradle\caches\modules-2\files-2.1\org.glassfish.jaxb\txw2\4.0.6\4f4cd53b5ff9a2c5aa1211f15ed2569c57dfb044\txw2-4.0.6.jar;C:\Users\Master\.gradle\caches\modules-2\files-2.1\com.sun.istack\istack-commons-runtime\4.1.2\18ec117c85f3ba0ac65409136afa8e42bc74e739\istack-commons-runtime-4.1.2.jar
Launcher Type: SUN_STANDARD

[Global flags]
     intx CICompilerCount                          = 4                                         {product} {ergonomic}
     uint ConcGCThreads                            = 2                                         {product} {ergonomic}
     uint G1ConcRefinementThreads                  = 8                                         {product} {ergonomic}
   size_t G1HeapRegionSize                         = 2097152                                   {product} {ergonomic}
    uintx GCDrainStackTargetSize                   = 64                                        {product} {ergonomic}
   size_t InitialHeapSize                          = 266338304                                 {product} {ergonomic}
   size_t MarkStackSize                            = 4194304                                   {product} {ergonomic}
   size_t MaxHeapSize                              = 4246732800                                {product} {ergonomic}
   size_t MinHeapDeltaBytes                        = 2097152                                   {product} {ergonomic}
   size_t MinHeapSize                              = 8388608                                   {product} {ergonomic}
    uintx NonNMethodCodeHeapSize                   = 5839372                                {pd product} {ergonomic}
    uintx NonProfiledCodeHeapSize                  = 122909434                              {pd product} {ergonomic}
    uintx ProfiledCodeHeapSize                     = 122909434                              {pd product} {ergonomic}
    uintx ReservedCodeCacheSize                    = 251658240                              {pd product} {ergonomic}
     bool SegmentedCodeCache                       = true                                      {product} {ergonomic}
   size_t SoftMaxHeapSize                          = 4246732800                             {manageable} {ergonomic}
     bool UseCompressedOops                        = true                           {product lp64_product} {ergonomic}
     bool UseG1GC                                  = true                                      {product} {ergonomic}
     bool UseLargePagesIndividualAllocation        = false                                  {pd product} {ergonomic}

Logging:
Log output configuration:
 #0: stdout all=warning uptime,level,tags foldmultilines=false
 #1: stderr all=off uptime,level,tags foldmultilines=false

Release file:
<release file has not been read>
Environment Variables:
JAVA_HOME=C:\Program Files\Java\jdk-17
PATH=C:\Program Files\Java\jdk-17\n;C:\Program Files\Java\jdk-21.0.5\bin;C:\Program Files\Common Files\Oracle\Java\javapath;C:\app\Master\product\dbhomeXE\bin;C:\Program Files (x86)\NAT Service;C:\Windows\system32;C:\Windows;C:\Windows\System32\Wbem;C:\Windows\System32\WindowsPowerShell\v1.0\;C:\Windows\System32\OpenSSH\;C:\Program Files\dotnet\;C:\Program Files\Docker\Docker\resources\bin;C:\Program Files\Bandizip\;C:\Program Files\TortoiseSVN\bin;C:\Program Files\Git\cmd;C:\Users\Master\Desktop\OpenJDK21U-jdk_x64_windows_hotspot_21.0.6_7\jdk-21.0.5;C:\Program Files\JetBrains\IntelliJ IDEA 2025.1.1.1\bin;;C:\Users\Master\AppData\Local\Programs\Microsoft VS Code\bin;;C:\Program Files\JetBrains\IntelliJ IDEA Community Edition 2025.1.1.1\bin;
USERNAME=Master
OS=Windows_NT
PROCESSOR_IDENTIFIER=Intel64 Family 6 Model 166 Stepping 0, GenuineIntel
TMP=C:\Users\Master\AppData\Local\Temp
TEMP=C:\Users\Master\AppData\Local\Temp




Periodic native trim disabled

---------------  S Y S T E M  ---------------

OS:
 Windows 10 , 64 bit Build 19041 (10.0.19041.5915)
OS uptime: 15 days 2:53 hours
Hyper-V role detected

CPU: total 8 (initial active 8) (4 cores per cpu, 2 threads per core) family 6 model 166 stepping 0 microcode 0xc6, cx8, cmov, fxsr, ht, mmx, 3dnowpref, sse, sse2, sse3, ssse3, sse4.1, sse4.2, popcnt, lzcnt, tsc, tscinvbit, avx, avx2, aes, erms, clmul, bmi1, bmi2, adx, fma, vzeroupper, clflush, clflushopt, hv, rdtscp, f16c
Processor Information for the first 8 processors :
  Max Mhz: 2112, Current Mhz: 1609, Mhz Limit: 1605

Memory: 4k page, system-wide physical 16198M (586M free)
TotalPageFile size 46642M (AvailPageFile size 5M)
current process WorkingSet (physical memory assigned to process): 11M, peak: 11M
current process commit charge ("private bytes"): 58M, peak: 59M

vm_info: OpenJDK 64-Bit Server VM (21.0.9+10-LTS) for windows-amd64 JRE (21.0.9+10-LTS), built on 2025-10-13T22:04:36Z by "MicrosoftCorporation" with unknown MS VC++:1944

END.
