#
# There is insufficient memory for the Java Runtime Environment to continue.
# Native memory allocation (malloc) failed to allocate 961680 bytes for Chunk::new
# Possible reasons:
#   The system is out of physical RAM or swap space
#   The process is running with CompressedOops enabled, and the Java Heap may be blocking the growth of the native heap
# Possible solutions:
#   Reduce memory load on the system
#   Increase physical memory or swap space
#   Check if swap backing store is full
#   Decrease Java heap size (-Xmx/-Xms)
#   Decrease number of Java threads
#   Decrease Java thread stack sizes (-Xss)
#   Set larger code cache with -XX:ReservedCodeCacheSize=
#   JVM is running with Unscaled Compressed Oops mode in which the Java heap is
#     placed in the first 4GB address space. The Java Heap base address is the
#     maximum limit for the native heap growth. Please use -XX:HeapBaseMinAddress
#     to set the Java Heap base and to place the Java Heap above 4GB virtual address.
# This output file may be truncated or incomplete.
#
#  Out of Memory Error (arena.cpp:189), pid=70964, tid=57924
#
# JRE version: Java(TM) SE Runtime Environment (17.0.12+8) (build 17.0.12+8-LTS-286)
# Java VM: Java HotSpot(TM) 64-Bit Server VM (17.0.12+8-LTS-286, mixed mode, sharing, tiered, compressed oops, compressed class ptrs, g1 gc, windows-amd64)
# No core dump will be written. Minidumps are not enabled by default on client versions of Windows
#

---------------  S U M M A R Y ------------

Command Line: --add-opens=java.base/java.lang=ALL-UNNAMED --add-opens=java.base/java.lang.invoke=ALL-UNNAMED --add-opens=java.base/java.util=ALL-UNNAMED --add-opens=java.prefs/java.util.prefs=ALL-UNNAMED --add-exports=jdk.compiler/com.sun.tools.javac.api=ALL-UNNAMED --add-exports=jdk.compiler/com.sun.tools.javac.util=ALL-UNNAMED --add-opens=java.base/java.util=ALL-UNNAMED --add-opens=java.prefs/java.util.prefs=ALL-UNNAMED --add-opens=java.base/java.nio.charset=ALL-UNNAMED --add-opens=java.base/java.net=ALL-UNNAMED --add-opens=java.base/java.util.concurrent=ALL-UNNAMED --add-opens=java.base/java.util.concurrent.atomic=ALL-UNNAMED --add-opens=java.xml/javax.xml.namespace=ALL-UNNAMED --add-opens=java.base/java.time=ALL-UNNAMED -XX:MaxMetaspaceSize=384m -XX:+HeapDumpOnOutOfMemoryError -Xms256m -Xmx512m -Dfile.encoding=UTF-8 -Duser.country=KR -Duser.language=ko -Duser.variant -javaagent:C:\Users\Master\.gradle\wrapper\dists\gradle-9.4.1-bin\arn2x92ynaizyzdaamcbpbhtj\gradle-9.4.1\lib\agents\gradle-instrumentation-agent-9.4.1.jar org.gradle.launcher.daemon.bootstrap.GradleDaemon 9.4.1

Host: Intel(R) Core(TM) i5-10210U CPU @ 1.60GHz, 8 cores, 15G,  Windows 10 , 64 bit Build 19041 (10.0.19041.5915)
Time: Mon Jun 15 22:27:48 2026  Windows 10 , 64 bit Build 19041 (10.0.19041.5915) elapsed time: 26.184394 seconds (0d 0h 0m 26s)

---------------  T H R E A D  ---------------

Current thread (0x000002cb6a70c590):  JavaThread "C2 CompilerThread2" daemon [_thread_in_native, id=57924, stack(0x000000ecb8e00000,0x000000ecb8f00000)]


Current CompileTask:
C2:  26184 10919       4       org.gradle.cache.internal.btree.FreeListBlockStore::read (12 bytes)

Stack: [0x000000ecb8e00000,0x000000ecb8f00000]
Native frames: (J=compiled Java code, j=interpreted, Vv=VM code, C=native code)
V  [jvm.dll+0x67a04a]
V  [jvm.dll+0x7da4ed]
V  [jvm.dll+0x7dbe33]
V  [jvm.dll+0x7dc4a3]
V  [jvm.dll+0x24508f]
V  [jvm.dll+0xab773]
V  [jvm.dll+0xabd3c]
V  [jvm.dll+0x361bee]
V  [jvm.dll+0x1ba64a]
V  [jvm.dll+0x216997]
V  [jvm.dll+0x215c6f]
V  [jvm.dll+0x1a2960]
V  [jvm.dll+0x22610b]
V  [jvm.dll+0x2242ab]
V  [jvm.dll+0x79075c]
V  [jvm.dll+0x78abea]
V  [jvm.dll+0x678f35]
C  [ucrtbase.dll+0x21bb2]
C  [KERNEL32.DLL+0x17374]
C  [ntdll.dll+0x4cc91]


---------------  P R O C E S S  ---------------

Threads class SMR info:
_java_thread_list=0x000002cb68246270, length=86, elements={
0x000002cb33d6bbd0, 0x000002cb4e6840f0, 0x000002cb4e6849c0, 0x000002cb4e69e140,
0x000002cb4e69ea10, 0x000002cb4e6a02f0, 0x000002cb4e6a0bc0, 0x000002cb4e6acbd0,
0x000002cb4e6b8250, 0x000002cb4e6bc790, 0x000002cb4e77a830, 0x000002cb4e8e2730,
0x000002cb694170b0, 0x000002cb68dd2910, 0x000002cb69889410, 0x000002cb694ec4a0,
0x000002cb69a3e860, 0x000002cb69c9a130, 0x000002cb69c9b060, 0x000002cb69c9ba80,
0x000002cb69c9c9b0, 0x000002cb69c99200, 0x000002cb69c9a640, 0x000002cb69c99710,
0x000002cb69c9c4a0, 0x000002cb69c99c20, 0x000002cb69c9ab50, 0x000002cb69c9b570,
0x000002cb69c9bf90, 0x000002cb6b7b15c0, 0x000002cb6b7b4350, 0x000002cb6b7b2f10,
0x000002cb6b7b6bd0, 0x000002cb6b7b61b0, 0x000002cb6b7b3930, 0x000002cb6b7b4d70,
0x000002cb6b7b4860, 0x000002cb6b7b1ad0, 0x000002cb6b7af760, 0x000002cb6b7b66c0,
0x000002cb6b7b1fe0, 0x000002cb6b7b5790, 0x000002cb6b7b5280, 0x000002cb6b7b0690,
0x000002cb6b7afc70, 0x000002cb6b7b0180, 0x000002cb6b7b3e40, 0x000002cb6b7b0ba0,
0x000002cb6b7b10b0, 0x000002cb68d39df0, 0x000002cb68d3ad20, 0x000002cb68d35200,
0x000002cb68d36b50, 0x000002cb68d3a300, 0x000002cb68d34cf0, 0x000002cb68d393d0,
0x000002cb68d35710, 0x000002cb68d37570, 0x000002cb68d35c20, 0x000002cb68d389b0,
0x000002cb68d3a810, 0x000002cb68d36130, 0x000002cb68d36640, 0x000002cb68d3b230,
0x000002cb68d37a80, 0x000002cb68d3b740, 0x000002cb68d37f90, 0x000002cb6b183840,
0x000002cb6b1860c0, 0x000002cb6b185190, 0x000002cb6b189d80, 0x000002cb6b184770,
0x000002cb6b183d50, 0x000002cb6b1865d0, 0x000002cb6b188430, 0x000002cb6b189870,
0x000002cb6b1856a0, 0x000002cb6b186ae0, 0x000002cb6b182e20, 0x000002cb6b185bb0,
0x000002cb6efddaa0, 0x000002cb6a70c590, 0x000002cb6b184260, 0x000002cb6b18a290,
0x000002cb6b186ff0, 0x000002cb6b188940
}

Java Threads: ( => current thread )
  0x000002cb33d6bbd0 JavaThread "main" [_thread_blocked, id=15136, stack(0x000000ecb2b00000,0x000000ecb2c00000)]
  0x000002cb4e6840f0 JavaThread "Reference Handler" daemon [_thread_blocked, id=63340, stack(0x000000ecb3200000,0x000000ecb3300000)]
  0x000002cb4e6849c0 JavaThread "Finalizer" daemon [_thread_blocked, id=51500, stack(0x000000ecb3300000,0x000000ecb3400000)]
  0x000002cb4e69e140 JavaThread "Signal Dispatcher" daemon [_thread_blocked, id=24920, stack(0x000000ecb3400000,0x000000ecb3500000)]
  0x000002cb4e69ea10 JavaThread "Attach Listener" daemon [_thread_blocked, id=71108, stack(0x000000ecb3500000,0x000000ecb3600000)]
  0x000002cb4e6a02f0 JavaThread "Service Thread" daemon [_thread_blocked, id=8384, stack(0x000000ecb3600000,0x000000ecb3700000)]
  0x000002cb4e6a0bc0 JavaThread "Monitor Deflation Thread" daemon [_thread_blocked, id=26192, stack(0x000000ecb3700000,0x000000ecb3800000)]
  0x000002cb4e6acbd0 JavaThread "C2 CompilerThread0" daemon [_thread_in_native, id=71856, stack(0x000000ecb3800000,0x000000ecb3900000)]
  0x000002cb4e6b8250 JavaThread "C1 CompilerThread0" daemon [_thread_blocked, id=72460, stack(0x000000ecb3900000,0x000000ecb3a00000)]
  0x000002cb4e6bc790 JavaThread "Sweeper thread" daemon [_thread_blocked, id=71072, stack(0x000000ecb3a00000,0x000000ecb3b00000)]
  0x000002cb4e77a830 JavaThread "Common-Cleaner" daemon [_thread_blocked, id=60004, stack(0x000000ecb3b00000,0x000000ecb3c00000)]
  0x000002cb4e8e2730 JavaThread "Notification Thread" daemon [_thread_blocked, id=72124, stack(0x000000ecb3c00000,0x000000ecb3d00000)]
  0x000002cb694170b0 JavaThread "Daemon health stats" [_thread_blocked, id=26412, stack(0x000000ecb4400000,0x000000ecb4500000)]
  0x000002cb68dd2910 JavaThread "Incoming local TCP Connector on port 61807" [_thread_in_native, id=57484, stack(0x000000ecb3e00000,0x000000ecb3f00000)]
  0x000002cb69889410 JavaThread "Daemon periodic checks" [_thread_blocked, id=62052, stack(0x000000ecb4500000,0x000000ecb4600000)]
  0x000002cb694ec4a0 JavaThread "Daemon" [_thread_blocked, id=63476, stack(0x000000ecb4600000,0x000000ecb4700000)]
  0x000002cb69a3e860 JavaThread "Handler for socket connection from /127.0.0.1:61807 to /127.0.0.1:61808" [_thread_in_native, id=24304, stack(0x000000ecb4700000,0x000000ecb4800000)]
  0x000002cb69c9a130 JavaThread "Cancel handler" [_thread_blocked, id=44376, stack(0x000000ecb4800000,0x000000ecb4900000)]
  0x000002cb69c9b060 JavaThread "Daemon worker" [_thread_blocked, id=26828, stack(0x000000ecb4900000,0x000000ecb4a00000)]
  0x000002cb69c9ba80 JavaThread "Asynchronous log dispatcher for DefaultDaemonConnection: socket connection from /127.0.0.1:61807 to /127.0.0.1:61808" [_thread_blocked, id=67076, stack(0x000000ecb4a00000,0x000000ecb4b00000)]
  0x000002cb69c9c9b0 JavaThread "Stdin handler" [_thread_blocked, id=9076, stack(0x000000ecb4b00000,0x000000ecb4c00000)]
  0x000002cb69c99200 JavaThread "Daemon client event forwarder" [_thread_blocked, id=31176, stack(0x000000ecb4c00000,0x000000ecb4d00000)]
  0x000002cb69c9a640 JavaThread "Cache worker for journal cache (C:\Users\Master\.gradle\caches\journal-1)" [_thread_blocked, id=54380, stack(0x000000ecb4e00000,0x000000ecb4f00000)]
  0x000002cb69c99710 JavaThread "File lock request listener" [_thread_in_native, id=21920, stack(0x000000ecb4f00000,0x000000ecb5000000)]
  0x000002cb69c9c4a0 JavaThread "Cache worker for file hash cache (C:\Users\Master\.gradle\caches\9.4.1\fileHashes)" [_thread_blocked, id=54220, stack(0x000000ecb5000000,0x000000ecb5100000)]
  0x000002cb69c99c20 JavaThread "Cache worker for file hash cache (C:\Myroutine\.gradle\9.4.1\fileHashes)" [_thread_blocked, id=53620, stack(0x000000ecb5400000,0x000000ecb5500000)]
  0x000002cb69c9ab50 JavaThread "Cache worker for Build Output Cleanup Cache (C:\Myroutine\.gradle\buildOutputCleanup)" [_thread_blocked, id=38708, stack(0x000000ecb5500000,0x000000ecb5600000)]
  0x000002cb69c9b570 JavaThread "File watcher server" daemon [_thread_in_native, id=71760, stack(0x000000ecb5600000,0x000000ecb5700000)]
  0x000002cb69c9bf90 JavaThread "File watcher consumer" daemon [_thread_blocked, id=70948, stack(0x000000ecb5700000,0x000000ecb5800000)]
  0x000002cb6b7b15c0 JavaThread "Cache worker for file content cache (C:\Users\Master\.gradle\caches\9.4.1\fileContent)" [_thread_blocked, id=64620, stack(0x000000ecb5800000,0x000000ecb5900000)]
  0x000002cb6b7b4350 JavaThread "Cache worker for checksums cache (C:\Myroutine\.gradle\9.4.1\checksums)" [_thread_blocked, id=11420, stack(0x000000ecb5900000,0x000000ecb5a00000)]
  0x000002cb6b7b2f10 JavaThread "Cache worker for cache directory md-supplier (C:\Users\Master\.gradle\caches\9.4.1\md-supplier)" [_thread_blocked, id=70220, stack(0x000000ecb5b00000,0x000000ecb5c00000)]
  0x000002cb6b7b6bd0 JavaThread "Cache worker for cache directory md-rule (C:\Users\Master\.gradle\caches\9.4.1\md-rule)" [_thread_blocked, id=55852, stack(0x000000ecb5c00000,0x000000ecb5d00000)]
  0x000002cb6b7b61b0 JavaThread "jar transforms" [_thread_blocked, id=46184, stack(0x000000ecb5d00000,0x000000ecb5e00000)]
  0x000002cb6b7b3930 JavaThread "jar transforms Thread 2" [_thread_blocked, id=65332, stack(0x000000ecb5e00000,0x000000ecb5f00000)]
  0x000002cb6b7b4d70 JavaThread "jar transforms Thread 3" [_thread_blocked, id=52900, stack(0x000000ecb5f00000,0x000000ecb6000000)]
  0x000002cb6b7b4860 JavaThread "Build operations" [_thread_blocked, id=56568, stack(0x000000ecb6000000,0x000000ecb6100000)]
  0x000002cb6b7b1ad0 JavaThread "Build operations Thread 2" [_thread_blocked, id=51716, stack(0x000000ecb6100000,0x000000ecb6200000)]
  0x000002cb6b7af760 JavaThread "Build operations Thread 3" [_thread_blocked, id=71040, stack(0x000000ecb6200000,0x000000ecb6300000)]
  0x000002cb6b7b66c0 JavaThread "Build operations Thread 4" [_thread_blocked, id=30336, stack(0x000000ecb6300000,0x000000ecb6400000)]
  0x000002cb6b7b1fe0 JavaThread "Build operations Thread 5" [_thread_blocked, id=70292, stack(0x000000ecb6400000,0x000000ecb6500000)]
  0x000002cb6b7b5790 JavaThread "Build operations Thread 6" [_thread_blocked, id=40828, stack(0x000000ecb6500000,0x000000ecb6600000)]
  0x000002cb6b7b5280 JavaThread "Build operations Thread 7" [_thread_blocked, id=68944, stack(0x000000ecb6600000,0x000000ecb6700000)]
  0x000002cb6b7b0690 JavaThread "Build operations Thread 8" [_thread_blocked, id=26548, stack(0x000000ecb6700000,0x000000ecb6800000)]
  0x000002cb6b7afc70 JavaThread "jar transforms Thread 4" [_thread_blocked, id=70844, stack(0x000000ecb6800000,0x000000ecb6900000)]
  0x000002cb6b7b0180 JavaThread "jar transforms Thread 5" [_thread_blocked, id=44960, stack(0x000000ecb6900000,0x000000ecb6a00000)]
  0x000002cb6b7b3e40 JavaThread "jar transforms Thread 6" [_thread_blocked, id=64088, stack(0x000000ecb6a00000,0x000000ecb6b00000)]
  0x000002cb6b7b0ba0 JavaThread "jar transforms Thread 7" [_thread_blocked, id=35860, stack(0x000000ecb6b00000,0x000000ecb6c00000)]
  0x000002cb6b7b10b0 JavaThread "jar transforms Thread 8" [_thread_blocked, id=9836, stack(0x000000ecb6c00000,0x000000ecb6d00000)]
  0x000002cb68d39df0 JavaThread "Memory manager" [_thread_blocked, id=7720, stack(0x000000ecb6e00000,0x000000ecb6f00000)]
  0x000002cb68d3ad20 JavaThread "Exec process" [_thread_blocked, id=62416, stack(0x000000ecb7100000,0x000000ecb7200000)]
  0x000002cb68d35200 JavaThread "Exec process Thread 2" [_thread_blocked, id=71052, stack(0x000000ecb7200000,0x000000ecb7300000)]
  0x000002cb68d36b50 JavaThread "Exec process Thread 3" [_thread_blocked, id=72148, stack(0x000000ecb7300000,0x000000ecb7400000)]
  0x000002cb68d3a300 JavaThread "ForkJoinPool.commonPool-worker-1" daemon [_thread_blocked, id=49204, stack(0x000000ecb7400000,0x000000ecb7500000)]
  0x000002cb68d34cf0 JavaThread "ForkJoinPool.commonPool-worker-2" daemon [_thread_blocked, id=70760, stack(0x000000ecb7500000,0x000000ecb7600000)]
  0x000002cb68d393d0 JavaThread "ForkJoinPool.commonPool-worker-3" daemon [_thread_blocked, id=62752, stack(0x000000ecb7600000,0x000000ecb7700000)]
  0x000002cb68d35710 JavaThread "ForkJoinPool.commonPool-worker-4" daemon [_thread_blocked, id=53816, stack(0x000000ecb7700000,0x000000ecb7800000)]
  0x000002cb68d37570 JavaThread "ForkJoinPool.commonPool-worker-5" daemon [_thread_blocked, id=70556, stack(0x000000ecb7800000,0x000000ecb7900000)]
  0x000002cb68d35c20 JavaThread "ForkJoinPool.commonPool-worker-6" daemon [_thread_blocked, id=34916, stack(0x000000ecb7900000,0x000000ecb7a00000)]
  0x000002cb68d389b0 JavaThread "ForkJoinPool.commonPool-worker-7" daemon [_thread_blocked, id=56472, stack(0x000000ecb7a00000,0x000000ecb7b00000)]
  0x000002cb68d3a810 JavaThread "included builds" [_thread_blocked, id=11744, stack(0x000000ecb6f00000,0x000000ecb7000000)]
  0x000002cb68d36130 JavaThread "Execution worker" [_thread_blocked, id=51788, stack(0x000000ecb7b00000,0x000000ecb7c00000)]
  0x000002cb68d36640 JavaThread "Execution worker Thread 2" [_thread_in_vm, id=64828, stack(0x000000ecb7c00000,0x000000ecb7d00000)]
  0x000002cb68d3b230 JavaThread "Execution worker Thread 3" [_thread_blocked, id=65756, stack(0x000000ecb7d00000,0x000000ecb7e00000)]
  0x000002cb68d37a80 JavaThread "Execution worker Thread 4" [_thread_blocked, id=65364, stack(0x000000ecb7e00000,0x000000ecb7f00000)]
  0x000002cb68d3b740 JavaThread "Execution worker Thread 5" [_thread_blocked, id=60300, stack(0x000000ecb7f00000,0x000000ecb8000000)]
  0x000002cb68d37f90 JavaThread "Execution worker Thread 6" [_thread_blocked, id=58976, stack(0x000000ecb8000000,0x000000ecb8100000)]
  0x000002cb6b183840 JavaThread "Execution worker Thread 7" [_thread_blocked, id=48368, stack(0x000000ecb8100000,0x000000ecb8200000)]
  0x000002cb6b1860c0 JavaThread "Cache worker for execution history cache (C:\Myroutine\.gradle\9.4.1\executionHistory)" [_thread_blocked, id=71828, stack(0x000000ecb8200000,0x000000ecb8300000)]
  0x000002cb6b185190 JavaThread "Cache worker for Java compile cache (C:\Users\Master\.gradle\caches\9.4.1\javaCompile)" [_thread_blocked, id=39260, stack(0x000000ecb8400000,0x000000ecb8500000)]
  0x000002cb6b189d80 JavaThread "Incoming local TCP Connector on port 61811" [_thread_blocked, id=9524, stack(0x000000ecb8500000,0x000000ecb8600000)]
  0x000002cb6b184770 JavaThread "Exec process" [_thread_in_native, id=60604, stack(0x000000ecb8600000,0x000000ecb8700000)]
  0x000002cb6b183d50 JavaThread "Exec process Thread 2" [_thread_blocked, id=24296, stack(0x000000ecb8800000,0x000000ecb8900000)]
  0x000002cb6b1865d0 JavaThread "Exec process Thread 3" [_thread_in_native, id=37680, stack(0x000000ecb8900000,0x000000ecb8a00000)]
  0x000002cb6b188430 JavaThread "Exec process Thread 4" [_thread_in_native, id=21956, stack(0x000000ecb8a00000,0x000000ecb8b00000)]
  0x000002cb6b189870 JavaThread "/127.0.0.1:61811 to /127.0.0.1:61812 workers" [_thread_blocked, id=27108, stack(0x000000ecb4d00000,0x000000ecb4e00000)]
  0x000002cb6b1856a0 JavaThread "/127.0.0.1:61811 to /127.0.0.1:61812 workers Thread 2" [_thread_blocked, id=68688, stack(0x000000ecb8300000,0x000000ecb8400000)]
  0x000002cb6b186ae0 JavaThread "/127.0.0.1:61811 to /127.0.0.1:61812 workers Thread 3" [_thread_blocked, id=70928, stack(0x000000ecb8700000,0x000000ecb8800000)]
  0x000002cb6b182e20 JavaThread "/127.0.0.1:61811 to /127.0.0.1:61812 workers Thread 4" [_thread_blocked, id=30756, stack(0x000000ecb8b00000,0x000000ecb8c00000)]
  0x000002cb6b185bb0 JavaThread "/127.0.0.1:61811 to /127.0.0.1:61812 workers Thread 5" [_thread_in_native, id=21832, stack(0x000000ecb8c00000,0x000000ecb8d00000)]
  0x000002cb6efddaa0 JavaThread "C2 CompilerThread1" daemon [_thread_blocked, id=3032, stack(0x000000ecb8d00000,0x000000ecb8e00000)]
=>0x000002cb6a70c590 JavaThread "C2 CompilerThread2" daemon [_thread_in_native, id=57924, stack(0x000000ecb8e00000,0x000000ecb8f00000)]
  0x000002cb6b184260 JavaThread "DisconnectableInputStream source reader" daemon [_thread_blocked, id=72440, stack(0x000000ecb8f00000,0x000000ecb9000000)]
  0x000002cb6b18a290 JavaThread "Exec process Thread 5" [_thread_blocked, id=66464, stack(0x000000ecb9000000,0x000000ecb9100000)]
  0x000002cb6b186ff0 JavaThread "Exec process Thread 6" [_thread_blocked, id=11292, stack(0x000000ecb9100000,0x000000ecb9200000)]
  0x000002cb6b188940 JavaThread "Exec process Thread 7" [_thread_blocked, id=27980, stack(0x000000ecb9200000,0x000000ecb9300000)]

Other Threads:
  0x000002cb4e67c3e0 VMThread "VM Thread" [stack: 0x000000ecb3100000,0x000000ecb3200000] [id=52776]
  0x000002cb33dbae70 WatcherThread [stack: 0x000000ecb3d00000,0x000000ecb3e00000] [id=71860]
  0x000002cb33d98980 GCTaskThread "GC Thread#0" [stack: 0x000000ecb2c00000,0x000000ecb2d00000] [id=45476]
  0x000002cb6821d5a0 GCTaskThread "GC Thread#1" [stack: 0x000000ecb3f00000,0x000000ecb4000000] [id=71704]
  0x000002cb68416c40 GCTaskThread "GC Thread#2" [stack: 0x000000ecb4000000,0x000000ecb4100000] [id=19644]
  0x000002cb68416f00 GCTaskThread "GC Thread#3" [stack: 0x000000ecb4100000,0x000000ecb4200000] [id=57188]
  0x000002cb684171c0 GCTaskThread "GC Thread#4" [stack: 0x000000ecb4200000,0x000000ecb4300000] [id=71908]
  0x000002cb68c32070 GCTaskThread "GC Thread#5" [stack: 0x000000ecb4300000,0x000000ecb4400000] [id=55512]
  0x000002cb69619700 GCTaskThread "GC Thread#6" [stack: 0x000000ecb5100000,0x000000ecb5200000] [id=50124]
  0x000002cb6b506030 GCTaskThread "GC Thread#7" [stack: 0x000000ecb5200000,0x000000ecb5300000] [id=42960]
  0x000002cb33d9d580 ConcurrentGCThread "G1 Main Marker" [stack: 0x000000ecb2d00000,0x000000ecb2e00000] [id=58024]
  0x000002cb33d9dc40 ConcurrentGCThread "G1 Conc#0" [stack: 0x000000ecb2e00000,0x000000ecb2f00000] [id=61204]
  0x000002cb6a50c900 ConcurrentGCThread "G1 Conc#1" [stack: 0x000000ecb5300000,0x000000ecb5400000] [id=36384]
  0x000002cb33e3d910 ConcurrentGCThread "G1 Refine#0" [stack: 0x000000ecb2f00000,0x000000ecb3000000] [id=60812]
  0x000002cb6d23edb0 ConcurrentGCThread "G1 Refine#1" [stack: 0x000000ecb5a00000,0x000000ecb5b00000] [id=71340]
  0x000002cb6d23f680 ConcurrentGCThread "G1 Refine#2" [stack: 0x000000ecb7000000,0x000000ecb7100000] [id=41320]
  0x000002cb33e3dff0 ConcurrentGCThread "G1 Service" [stack: 0x000000ecb3000000,0x000000ecb3100000] [id=29360]

Threads with active compile tasks:
C2 CompilerThread0    26238 11048       4       org.gradle.internal.logging.text.AbstractLineChoppingStyledTextOutput::doAppend (43 bytes)
C2 CompilerThread2    26238 10919       4       org.gradle.cache.internal.btree.FreeListBlockStore::read (12 bytes)

VM state: not at safepoint (normal execution)

VM Mutex/Monitor currently owned by a thread: None

Heap address: 0x00000000e0000000, size: 512 MB, Compressed Oops mode: 32-bit

CDS archive(s) mapped at: [0x000002cb4f000000-0x000002cb4fbd0000-0x000002cb4fbd0000), size 12386304, SharedBaseAddress: 0x000002cb4f000000, ArchiveRelocationMode: 1.
Compressed class space mapped at: 0x000002cb50000000-0x000002cb64000000, reserved size: 335544320
Narrow klass base: 0x000002cb4f000000, Narrow klass shift: 0, Narrow klass range: 0x100000000

GC Precious Log:
 CPUs: 8 total, 8 available
 Memory: 16198M
 Large Page Support: Disabled
 NUMA Support: Disabled
 Compressed Oops: Enabled (32-bit)
 Heap Region Size: 1M
 Heap Min Capacity: 256M
 Heap Initial Capacity: 256M
 Heap Max Capacity: 512M
 Pre-touch: Disabled
 Parallel Workers: 8
 Concurrent Workers: 2
 Concurrent Refinement Workers: 8
 Periodic GC: Disabled

Heap:
 garbage-first heap   total 262144K, used 173831K [0x00000000e0000000, 0x0000000100000000)
  region size 1024K, 133 young (136192K), 17 survivors (17408K)
 Metaspace       used 68222K, committed 69184K, reserved 393216K
  class space    used 9645K, committed 10112K, reserved 327680K

Heap Regions: E=young(eden), S=young(survivor), O=old, HS=humongous(starts), HC=humongous(continues), CS=collection set, F=free, OA=open archive, CA=closed archive, TAMS=top-at-mark-start (previous, next)
|   0|0x00000000e0000000, 0x00000000e0100000, 0x00000000e0100000|100%|HS|  |TAMS 0x00000000e0100000, 0x00000000e0000000| Complete 
|   1|0x00000000e0100000, 0x00000000e0200000, 0x00000000e0200000|100%|HC|  |TAMS 0x00000000e0200000, 0x00000000e0100000| Complete 
|   2|0x00000000e0200000, 0x00000000e0300000, 0x00000000e0300000|100%|HC|  |TAMS 0x00000000e0300000, 0x00000000e0200000| Complete 
|   3|0x00000000e0300000, 0x00000000e0400000, 0x00000000e0400000|100%|HC|  |TAMS 0x00000000e0400000, 0x00000000e0300000| Complete 
|   4|0x00000000e0400000, 0x00000000e0500000, 0x00000000e0500000|100%| O|  |TAMS 0x00000000e0500000, 0x00000000e0400000| Untracked 
|   5|0x00000000e0500000, 0x00000000e0600000, 0x00000000e0600000|100%| O|  |TAMS 0x00000000e0600000, 0x00000000e0500000| Untracked 
|   6|0x00000000e0600000, 0x00000000e0700000, 0x00000000e0700000|100%| O|  |TAMS 0x00000000e0700000, 0x00000000e0600000| Untracked 
|   7|0x00000000e0700000, 0x00000000e0800000, 0x00000000e0800000|100%| O|  |TAMS 0x00000000e0800000, 0x00000000e0700000| Untracked 
|   8|0x00000000e0800000, 0x00000000e0900000, 0x00000000e0900000|100%|HS|  |TAMS 0x00000000e0900000, 0x00000000e0800000| Complete 
|   9|0x00000000e0900000, 0x00000000e0a00000, 0x00000000e0a00000|100%| O|  |TAMS 0x00000000e0a00000, 0x00000000e0900000| Untracked 
|  10|0x00000000e0a00000, 0x00000000e0b00000, 0x00000000e0b00000|100%| O|  |TAMS 0x00000000e0b00000, 0x00000000e0a00000| Untracked 
|  11|0x00000000e0b00000, 0x00000000e0c00000, 0x00000000e0c00000|100%| O|  |TAMS 0x00000000e0c00000, 0x00000000e0b00000| Untracked 
|  12|0x00000000e0c00000, 0x00000000e0d00000, 0x00000000e0d00000|100%| O|  |TAMS 0x00000000e0d00000, 0x00000000e0c00000| Untracked 
|  13|0x00000000e0d00000, 0x00000000e0e00000, 0x00000000e0e00000|100%| O|  |TAMS 0x00000000e0e00000, 0x00000000e0d00000| Untracked 
|  14|0x00000000e0e00000, 0x00000000e0f00000, 0x00000000e0f00000|100%| O|  |TAMS 0x00000000e0f00000, 0x00000000e0e00000| Untracked 
|  15|0x00000000e0f00000, 0x00000000e1000000, 0x00000000e1000000|100%| O|  |TAMS 0x00000000e1000000, 0x00000000e0f00000| Untracked 
|  16|0x00000000e1000000, 0x00000000e1100000, 0x00000000e1100000|100%| O|  |TAMS 0x00000000e1100000, 0x00000000e1000000| Untracked 
|  17|0x00000000e1100000, 0x00000000e1200000, 0x00000000e1200000|100%| O|  |TAMS 0x00000000e1200000, 0x00000000e1100000| Untracked 
|  18|0x00000000e1200000, 0x00000000e1300000, 0x00000000e1300000|100%| O|  |TAMS 0x00000000e1300000, 0x00000000e1200000| Untracked 
|  19|0x00000000e1300000, 0x00000000e1400000, 0x00000000e1400000|100%| O|  |TAMS 0x00000000e1400000, 0x00000000e1300000| Untracked 
|  20|0x00000000e1400000, 0x00000000e1500000, 0x00000000e1500000|100%| O|  |TAMS 0x00000000e1500000, 0x00000000e1400000| Untracked 
|  21|0x00000000e1500000, 0x00000000e1600000, 0x00000000e1600000|100%| O|  |TAMS 0x00000000e1600000, 0x00000000e1500000| Untracked 
|  22|0x00000000e1600000, 0x00000000e1700000, 0x00000000e1700000|100%| O|  |TAMS 0x00000000e1672a00, 0x00000000e1600000| Untracked 
|  23|0x00000000e1700000, 0x00000000e1800000, 0x00000000e1800000|100%| O|  |TAMS 0x00000000e1700000, 0x00000000e1700000| Untracked 
|  24|0x00000000e1800000, 0x00000000e1900000, 0x00000000e1900000|100%| O|  |TAMS 0x00000000e1800000, 0x00000000e1800000| Untracked 
|  25|0x00000000e1900000, 0x00000000e1a00000, 0x00000000e1a00000|100%| O|  |TAMS 0x00000000e1900000, 0x00000000e1900000| Untracked 
|  26|0x00000000e1a00000, 0x00000000e1b00000, 0x00000000e1b00000|100%| O|  |TAMS 0x00000000e1a00000, 0x00000000e1a00000| Untracked 
|  27|0x00000000e1b00000, 0x00000000e1c00000, 0x00000000e1c00000|100%| O|  |TAMS 0x00000000e1b00000, 0x00000000e1b00000| Untracked 
|  28|0x00000000e1c00000, 0x00000000e1d00000, 0x00000000e1d00000|100%| O|  |TAMS 0x00000000e1c00000, 0x00000000e1c00000| Untracked 
|  29|0x00000000e1d00000, 0x00000000e1e00000, 0x00000000e1e00000|100%| O|  |TAMS 0x00000000e1d00000, 0x00000000e1d00000| Untracked 
|  30|0x00000000e1e00000, 0x00000000e1f00000, 0x00000000e1f00000|100%| O|  |TAMS 0x00000000e1e00000, 0x00000000e1e00000| Untracked 
|  31|0x00000000e1f00000, 0x00000000e2000000, 0x00000000e2000000|100%| O|  |TAMS 0x00000000e1f00000, 0x00000000e1f00000| Untracked 
|  32|0x00000000e2000000, 0x00000000e2100000, 0x00000000e2100000|100%| O|  |TAMS 0x00000000e2000000, 0x00000000e2000000| Untracked 
|  33|0x00000000e2100000, 0x00000000e2200000, 0x00000000e2200000|100%| O|  |TAMS 0x00000000e2100000, 0x00000000e2100000| Untracked 
|  34|0x00000000e2200000, 0x00000000e2300000, 0x00000000e2300000|100%| O|  |TAMS 0x00000000e2200000, 0x00000000e2200000| Untracked 
|  35|0x00000000e2300000, 0x00000000e2400000, 0x00000000e2400000|100%| O|  |TAMS 0x00000000e2300000, 0x00000000e2300000| Untracked 
|  36|0x00000000e2400000, 0x00000000e2500000, 0x00000000e2500000|100%| O|  |TAMS 0x00000000e2400000, 0x00000000e2400000| Untracked 
|  37|0x00000000e2500000, 0x00000000e2600000, 0x00000000e2600000|100%| O|  |TAMS 0x00000000e2500000, 0x00000000e2500000| Untracked 
|  38|0x00000000e2600000, 0x00000000e2700000, 0x00000000e2700000|100%| O|  |TAMS 0x00000000e2600000, 0x00000000e2600000| Untracked 
|  39|0x00000000e2700000, 0x00000000e2700000, 0x00000000e2800000|  0%| F|  |TAMS 0x00000000e2700000, 0x00000000e2700000| Untracked 
|  40|0x00000000e2800000, 0x00000000e2800000, 0x00000000e2900000|  0%| F|  |TAMS 0x00000000e2800000, 0x00000000e2800000| Untracked 
|  41|0x00000000e2900000, 0x00000000e2900000, 0x00000000e2a00000|  0%| F|  |TAMS 0x00000000e2900000, 0x00000000e2900000| Untracked 
|  42|0x00000000e2a00000, 0x00000000e2a00000, 0x00000000e2b00000|  0%| F|  |TAMS 0x00000000e2a00000, 0x00000000e2a00000| Untracked 
|  43|0x00000000e2b00000, 0x00000000e2b00000, 0x00000000e2c00000|  0%| F|  |TAMS 0x00000000e2b00000, 0x00000000e2b00000| Untracked 
|  44|0x00000000e2c00000, 0x00000000e2c00000, 0x00000000e2d00000|  0%| F|  |TAMS 0x00000000e2c00000, 0x00000000e2c00000| Untracked 
|  45|0x00000000e2d00000, 0x00000000e2d00000, 0x00000000e2e00000|  0%| F|  |TAMS 0x00000000e2d00000, 0x00000000e2d00000| Untracked 
|  46|0x00000000e2e00000, 0x00000000e2e00000, 0x00000000e2f00000|  0%| F|  |TAMS 0x00000000e2e00000, 0x00000000e2e00000| Untracked 
|  47|0x00000000e2f00000, 0x00000000e2f00000, 0x00000000e3000000|  0%| F|  |TAMS 0x00000000e2f00000, 0x00000000e2f00000| Untracked 
|  48|0x00000000e3000000, 0x00000000e3000000, 0x00000000e3100000|  0%| F|  |TAMS 0x00000000e3000000, 0x00000000e3000000| Untracked 
|  49|0x00000000e3100000, 0x00000000e3100000, 0x00000000e3200000|  0%| F|  |TAMS 0x00000000e3100000, 0x00000000e3100000| Untracked 
|  50|0x00000000e3200000, 0x00000000e3200000, 0x00000000e3300000|  0%| F|  |TAMS 0x00000000e3200000, 0x00000000e3200000| Untracked 
|  51|0x00000000e3300000, 0x00000000e3300000, 0x00000000e3400000|  0%| F|  |TAMS 0x00000000e3300000, 0x00000000e3300000| Untracked 
|  52|0x00000000e3400000, 0x00000000e3400000, 0x00000000e3500000|  0%| F|  |TAMS 0x00000000e3400000, 0x00000000e3400000| Untracked 
|  53|0x00000000e3500000, 0x00000000e3500000, 0x00000000e3600000|  0%| F|  |TAMS 0x00000000e3500000, 0x00000000e3500000| Untracked 
|  54|0x00000000e3600000, 0x00000000e3600000, 0x00000000e3700000|  0%| F|  |TAMS 0x00000000e3600000, 0x00000000e3600000| Untracked 
|  55|0x00000000e3700000, 0x00000000e3700000, 0x00000000e3800000|  0%| F|  |TAMS 0x00000000e3700000, 0x00000000e3700000| Untracked 
|  56|0x00000000e3800000, 0x00000000e3800000, 0x00000000e3900000|  0%| F|  |TAMS 0x00000000e3800000, 0x00000000e3800000| Untracked 
|  57|0x00000000e3900000, 0x00000000e3900000, 0x00000000e3a00000|  0%| F|  |TAMS 0x00000000e3900000, 0x00000000e3900000| Untracked 
|  58|0x00000000e3a00000, 0x00000000e3a00000, 0x00000000e3b00000|  0%| F|  |TAMS 0x00000000e3a00000, 0x00000000e3a00000| Untracked 
|  59|0x00000000e3b00000, 0x00000000e3b00000, 0x00000000e3c00000|  0%| F|  |TAMS 0x00000000e3b00000, 0x00000000e3b00000| Untracked 
|  60|0x00000000e3c00000, 0x00000000e3c00000, 0x00000000e3d00000|  0%| F|  |TAMS 0x00000000e3c00000, 0x00000000e3c00000| Untracked 
|  61|0x00000000e3d00000, 0x00000000e3d00000, 0x00000000e3e00000|  0%| F|  |TAMS 0x00000000e3d00000, 0x00000000e3d00000| Untracked 
|  62|0x00000000e3e00000, 0x00000000e3e00000, 0x00000000e3f00000|  0%| F|  |TAMS 0x00000000e3e00000, 0x00000000e3e00000| Untracked 
|  63|0x00000000e3f00000, 0x00000000e3f00000, 0x00000000e4000000|  0%| F|  |TAMS 0x00000000e3f00000, 0x00000000e3f00000| Untracked 
|  64|0x00000000e4000000, 0x00000000e4000000, 0x00000000e4100000|  0%| F|  |TAMS 0x00000000e4000000, 0x00000000e4000000| Untracked 
|  65|0x00000000e4100000, 0x00000000e4100000, 0x00000000e4200000|  0%| F|  |TAMS 0x00000000e4100000, 0x00000000e4100000| Untracked 
|  66|0x00000000e4200000, 0x00000000e4200000, 0x00000000e4300000|  0%| F|  |TAMS 0x00000000e4200000, 0x00000000e4200000| Untracked 
|  67|0x00000000e4300000, 0x00000000e4300000, 0x00000000e4400000|  0%| F|  |TAMS 0x00000000e4300000, 0x00000000e4300000| Untracked 
|  68|0x00000000e4400000, 0x00000000e4400000, 0x00000000e4500000|  0%| F|  |TAMS 0x00000000e4400000, 0x00000000e4400000| Untracked 
|  69|0x00000000e4500000, 0x00000000e4500000, 0x00000000e4600000|  0%| F|  |TAMS 0x00000000e4500000, 0x00000000e4500000| Untracked 
|  70|0x00000000e4600000, 0x00000000e4600000, 0x00000000e4700000|  0%| F|  |TAMS 0x00000000e4600000, 0x00000000e4600000| Untracked 
|  71|0x00000000e4700000, 0x00000000e4700000, 0x00000000e4800000|  0%| F|  |TAMS 0x00000000e4700000, 0x00000000e4700000| Untracked 
|  72|0x00000000e4800000, 0x00000000e4800000, 0x00000000e4900000|  0%| F|  |TAMS 0x00000000e4800000, 0x00000000e4800000| Untracked 
|  73|0x00000000e4900000, 0x00000000e4900000, 0x00000000e4a00000|  0%| F|  |TAMS 0x00000000e4900000, 0x00000000e4900000| Untracked 
|  74|0x00000000e4a00000, 0x00000000e4a00000, 0x00000000e4b00000|  0%| F|  |TAMS 0x00000000e4a00000, 0x00000000e4a00000| Untracked 
|  75|0x00000000e4b00000, 0x00000000e4b00000, 0x00000000e4c00000|  0%| F|  |TAMS 0x00000000e4b00000, 0x00000000e4b00000| Untracked 
|  76|0x00000000e4c00000, 0x00000000e4c00000, 0x00000000e4d00000|  0%| F|  |TAMS 0x00000000e4c00000, 0x00000000e4c00000| Untracked 
|  77|0x00000000e4d00000, 0x00000000e4d00000, 0x00000000e4e00000|  0%| F|  |TAMS 0x00000000e4d00000, 0x00000000e4d00000| Untracked 
|  78|0x00000000e4e00000, 0x00000000e4e00000, 0x00000000e4f00000|  0%| F|  |TAMS 0x00000000e4e00000, 0x00000000e4e00000| Untracked 
|  79|0x00000000e4f00000, 0x00000000e4f00000, 0x00000000e5000000|  0%| F|  |TAMS 0x00000000e4f00000, 0x00000000e4f00000| Untracked 
|  80|0x00000000e5000000, 0x00000000e5000000, 0x00000000e5100000|  0%| F|  |TAMS 0x00000000e5000000, 0x00000000e5000000| Untracked 
|  81|0x00000000e5100000, 0x00000000e5100000, 0x00000000e5200000|  0%| F|  |TAMS 0x00000000e5100000, 0x00000000e5100000| Untracked 
|  82|0x00000000e5200000, 0x00000000e5200000, 0x00000000e5300000|  0%| F|  |TAMS 0x00000000e5200000, 0x00000000e5200000| Untracked 
|  83|0x00000000e5300000, 0x00000000e5300000, 0x00000000e5400000|  0%| F|  |TAMS 0x00000000e5300000, 0x00000000e5300000| Untracked 
|  84|0x00000000e5400000, 0x00000000e5400000, 0x00000000e5500000|  0%| F|  |TAMS 0x00000000e5400000, 0x00000000e5400000| Untracked 
|  85|0x00000000e5500000, 0x00000000e5500000, 0x00000000e5600000|  0%| F|  |TAMS 0x00000000e5500000, 0x00000000e5500000| Untracked 
|  86|0x00000000e5600000, 0x00000000e56c1e40, 0x00000000e5700000| 75%| S|CS|TAMS 0x00000000e5600000, 0x00000000e5600000| Complete 
|  87|0x00000000e5700000, 0x00000000e5800000, 0x00000000e5800000|100%| S|CS|TAMS 0x00000000e5700000, 0x00000000e5700000| Complete 
|  88|0x00000000e5800000, 0x00000000e5900000, 0x00000000e5900000|100%| S|CS|TAMS 0x00000000e5800000, 0x00000000e5800000| Complete 
|  89|0x00000000e5900000, 0x00000000e5a00000, 0x00000000e5a00000|100%| S|CS|TAMS 0x00000000e5900000, 0x00000000e5900000| Complete 
|  90|0x00000000e5a00000, 0x00000000e5b00000, 0x00000000e5b00000|100%| S|CS|TAMS 0x00000000e5a00000, 0x00000000e5a00000| Complete 
|  91|0x00000000e5b00000, 0x00000000e5c00000, 0x00000000e5c00000|100%| S|CS|TAMS 0x00000000e5b00000, 0x00000000e5b00000| Complete 
|  92|0x00000000e5c00000, 0x00000000e5d00000, 0x00000000e5d00000|100%| S|CS|TAMS 0x00000000e5c00000, 0x00000000e5c00000| Complete 
|  93|0x00000000e5d00000, 0x00000000e5e00000, 0x00000000e5e00000|100%| S|CS|TAMS 0x00000000e5d00000, 0x00000000e5d00000| Complete 
|  94|0x00000000e5e00000, 0x00000000e5f00000, 0x00000000e5f00000|100%| S|CS|TAMS 0x00000000e5e00000, 0x00000000e5e00000| Complete 
|  95|0x00000000e5f00000, 0x00000000e6000000, 0x00000000e6000000|100%| S|CS|TAMS 0x00000000e5f00000, 0x00000000e5f00000| Complete 
|  96|0x00000000e6000000, 0x00000000e6100000, 0x00000000e6100000|100%| S|CS|TAMS 0x00000000e6000000, 0x00000000e6000000| Complete 
|  97|0x00000000e6100000, 0x00000000e6200000, 0x00000000e6200000|100%| S|CS|TAMS 0x00000000e6100000, 0x00000000e6100000| Complete 
|  98|0x00000000e6200000, 0x00000000e6300000, 0x00000000e6300000|100%| S|CS|TAMS 0x00000000e6200000, 0x00000000e6200000| Complete 
|  99|0x00000000e6300000, 0x00000000e6400000, 0x00000000e6400000|100%| S|CS|TAMS 0x00000000e6300000, 0x00000000e6300000| Complete 
| 100|0x00000000e6400000, 0x00000000e6500000, 0x00000000e6500000|100%| S|CS|TAMS 0x00000000e6400000, 0x00000000e6400000| Complete 
| 101|0x00000000e6500000, 0x00000000e6600000, 0x00000000e6600000|100%| S|CS|TAMS 0x00000000e6500000, 0x00000000e6500000| Complete 
| 102|0x00000000e6600000, 0x00000000e6700000, 0x00000000e6700000|100%| S|CS|TAMS 0x00000000e6600000, 0x00000000e6600000| Complete 
| 103|0x00000000e6700000, 0x00000000e6700000, 0x00000000e6800000|  0%| F|  |TAMS 0x00000000e6700000, 0x00000000e6700000| Untracked 
| 104|0x00000000e6800000, 0x00000000e6800000, 0x00000000e6900000|  0%| F|  |TAMS 0x00000000e6800000, 0x00000000e6800000| Untracked 
| 105|0x00000000e6900000, 0x00000000e6900000, 0x00000000e6a00000|  0%| F|  |TAMS 0x00000000e6900000, 0x00000000e6900000| Untracked 
| 106|0x00000000e6a00000, 0x00000000e6a00000, 0x00000000e6b00000|  0%| F|  |TAMS 0x00000000e6a00000, 0x00000000e6a00000| Untracked 
| 107|0x00000000e6b00000, 0x00000000e6b00000, 0x00000000e6c00000|  0%| F|  |TAMS 0x00000000e6b00000, 0x00000000e6b00000| Untracked 
| 108|0x00000000e6c00000, 0x00000000e6c00000, 0x00000000e6d00000|  0%| F|  |TAMS 0x00000000e6c00000, 0x00000000e6c00000| Untracked 
| 109|0x00000000e6d00000, 0x00000000e6d00000, 0x00000000e6e00000|  0%| F|  |TAMS 0x00000000e6d00000, 0x00000000e6d00000| Untracked 
| 110|0x00000000e6e00000, 0x00000000e6e00000, 0x00000000e6f00000|  0%| F|  |TAMS 0x00000000e6e00000, 0x00000000e6e00000| Untracked 
| 111|0x00000000e6f00000, 0x00000000e6f00000, 0x00000000e7000000|  0%| F|  |TAMS 0x00000000e6f00000, 0x00000000e6f00000| Untracked 
| 112|0x00000000e7000000, 0x00000000e7000000, 0x00000000e7100000|  0%| F|  |TAMS 0x00000000e7000000, 0x00000000e7000000| Untracked 
| 113|0x00000000e7100000, 0x00000000e7100000, 0x00000000e7200000|  0%| F|  |TAMS 0x00000000e7100000, 0x00000000e7100000| Untracked 
| 114|0x00000000e7200000, 0x00000000e7200000, 0x00000000e7300000|  0%| F|  |TAMS 0x00000000e7200000, 0x00000000e7200000| Untracked 
| 115|0x00000000e7300000, 0x00000000e7300000, 0x00000000e7400000|  0%| F|  |TAMS 0x00000000e7300000, 0x00000000e7300000| Untracked 
| 116|0x00000000e7400000, 0x00000000e7400000, 0x00000000e7500000|  0%| F|  |TAMS 0x00000000e7400000, 0x00000000e7400000| Untracked 
| 117|0x00000000e7500000, 0x00000000e7500000, 0x00000000e7600000|  0%| F|  |TAMS 0x00000000e7500000, 0x00000000e7500000| Untracked 
| 118|0x00000000e7600000, 0x00000000e7600000, 0x00000000e7700000|  0%| F|  |TAMS 0x00000000e7600000, 0x00000000e7600000| Untracked 
| 119|0x00000000e7700000, 0x00000000e7700000, 0x00000000e7800000|  0%| F|  |TAMS 0x00000000e7700000, 0x00000000e7700000| Untracked 
| 120|0x00000000e7800000, 0x00000000e7800000, 0x00000000e7900000|  0%| F|  |TAMS 0x00000000e7800000, 0x00000000e7800000| Untracked 
| 121|0x00000000e7900000, 0x00000000e7900000, 0x00000000e7a00000|  0%| F|  |TAMS 0x00000000e7900000, 0x00000000e7900000| Untracked 
| 122|0x00000000e7a00000, 0x00000000e7a00000, 0x00000000e7b00000|  0%| F|  |TAMS 0x00000000e7a00000, 0x00000000e7a00000| Untracked 
| 123|0x00000000e7b00000, 0x00000000e7b00000, 0x00000000e7c00000|  0%| F|  |TAMS 0x00000000e7b00000, 0x00000000e7b00000| Untracked 
| 124|0x00000000e7c00000, 0x00000000e7c00000, 0x00000000e7d00000|  0%| F|  |TAMS 0x00000000e7c00000, 0x00000000e7c00000| Untracked 
| 125|0x00000000e7d00000, 0x00000000e7d00000, 0x00000000e7e00000|  0%| F|  |TAMS 0x00000000e7d00000, 0x00000000e7d00000| Untracked 
| 126|0x00000000e7e00000, 0x00000000e7e00000, 0x00000000e7f00000|  0%| F|  |TAMS 0x00000000e7e00000, 0x00000000e7e00000| Untracked 
| 127|0x00000000e7f00000, 0x00000000e7f00000, 0x00000000e8000000|  0%| F|  |TAMS 0x00000000e7f00000, 0x00000000e7f00000| Untracked 
| 128|0x00000000e8000000, 0x00000000e8000000, 0x00000000e8100000|  0%| F|  |TAMS 0x00000000e8000000, 0x00000000e8000000| Untracked 
| 129|0x00000000e8100000, 0x00000000e8100000, 0x00000000e8200000|  0%| F|  |TAMS 0x00000000e8100000, 0x00000000e8100000| Untracked 
| 130|0x00000000e8200000, 0x00000000e8200000, 0x00000000e8300000|  0%| F|  |TAMS 0x00000000e8200000, 0x00000000e8200000| Untracked 
| 131|0x00000000e8300000, 0x00000000e8300000, 0x00000000e8400000|  0%| F|  |TAMS 0x00000000e8300000, 0x00000000e8300000| Untracked 
| 132|0x00000000e8400000, 0x00000000e8400000, 0x00000000e8500000|  0%| F|  |TAMS 0x00000000e8400000, 0x00000000e8400000| Untracked 
| 133|0x00000000e8500000, 0x00000000e8500000, 0x00000000e8600000|  0%| F|  |TAMS 0x00000000e8500000, 0x00000000e8500000| Untracked 
| 134|0x00000000e8600000, 0x00000000e8600000, 0x00000000e8700000|  0%| F|  |TAMS 0x00000000e8600000, 0x00000000e8600000| Untracked 
| 135|0x00000000e8700000, 0x00000000e8700000, 0x00000000e8800000|  0%| F|  |TAMS 0x00000000e8700000, 0x00000000e8700000| Untracked 
| 136|0x00000000e8800000, 0x00000000e8800000, 0x00000000e8900000|  0%| F|  |TAMS 0x00000000e8800000, 0x00000000e8800000| Untracked 
| 137|0x00000000e8900000, 0x00000000e8900000, 0x00000000e8a00000|  0%| F|  |TAMS 0x00000000e8900000, 0x00000000e8900000| Untracked 
| 138|0x00000000e8a00000, 0x00000000e8a00000, 0x00000000e8b00000|  0%| F|  |TAMS 0x00000000e8a00000, 0x00000000e8a00000| Untracked 
| 139|0x00000000e8b00000, 0x00000000e8b00000, 0x00000000e8c00000|  0%| F|  |TAMS 0x00000000e8b00000, 0x00000000e8b00000| Untracked 
| 140|0x00000000e8c00000, 0x00000000e8ce1f48, 0x00000000e8d00000| 88%| E|  |TAMS 0x00000000e8c00000, 0x00000000e8c00000| Complete 
| 141|0x00000000e8d00000, 0x00000000e8e00000, 0x00000000e8e00000|100%| E|CS|TAMS 0x00000000e8d00000, 0x00000000e8d00000| Complete 
| 142|0x00000000e8e00000, 0x00000000e8f00000, 0x00000000e8f00000|100%| E|CS|TAMS 0x00000000e8e00000, 0x00000000e8e00000| Complete 
| 143|0x00000000e8f00000, 0x00000000e9000000, 0x00000000e9000000|100%| E|CS|TAMS 0x00000000e8f00000, 0x00000000e8f00000| Complete 
| 144|0x00000000e9000000, 0x00000000e9100000, 0x00000000e9100000|100%| E|CS|TAMS 0x00000000e9000000, 0x00000000e9000000| Complete 
| 145|0x00000000e9100000, 0x00000000e9200000, 0x00000000e9200000|100%| E|CS|TAMS 0x00000000e9100000, 0x00000000e9100000| Complete 
| 146|0x00000000e9200000, 0x00000000e9300000, 0x00000000e9300000|100%| E|CS|TAMS 0x00000000e9200000, 0x00000000e9200000| Complete 
| 147|0x00000000e9300000, 0x00000000e9400000, 0x00000000e9400000|100%| E|CS|TAMS 0x00000000e9300000, 0x00000000e9300000| Complete 
| 148|0x00000000e9400000, 0x00000000e9500000, 0x00000000e9500000|100%| E|CS|TAMS 0x00000000e9400000, 0x00000000e9400000| Complete 
| 149|0x00000000e9500000, 0x00000000e9600000, 0x00000000e9600000|100%| E|CS|TAMS 0x00000000e9500000, 0x00000000e9500000| Complete 
| 150|0x00000000e9600000, 0x00000000e9700000, 0x00000000e9700000|100%| E|CS|TAMS 0x00000000e9600000, 0x00000000e9600000| Complete 
| 151|0x00000000e9700000, 0x00000000e9800000, 0x00000000e9800000|100%| E|CS|TAMS 0x00000000e9700000, 0x00000000e9700000| Complete 
| 152|0x00000000e9800000, 0x00000000e9900000, 0x00000000e9900000|100%| E|CS|TAMS 0x00000000e9800000, 0x00000000e9800000| Complete 
| 153|0x00000000e9900000, 0x00000000e9a00000, 0x00000000e9a00000|100%| E|CS|TAMS 0x00000000e9900000, 0x00000000e9900000| Complete 
| 154|0x00000000e9a00000, 0x00000000e9b00000, 0x00000000e9b00000|100%| E|CS|TAMS 0x00000000e9a00000, 0x00000000e9a00000| Complete 
| 155|0x00000000e9b00000, 0x00000000e9c00000, 0x00000000e9c00000|100%| E|CS|TAMS 0x00000000e9b00000, 0x00000000e9b00000| Complete 
| 156|0x00000000e9c00000, 0x00000000e9d00000, 0x00000000e9d00000|100%| E|CS|TAMS 0x00000000e9c00000, 0x00000000e9c00000| Complete 
| 157|0x00000000e9d00000, 0x00000000e9e00000, 0x00000000e9e00000|100%| E|CS|TAMS 0x00000000e9d00000, 0x00000000e9d00000| Complete 
| 158|0x00000000e9e00000, 0x00000000e9f00000, 0x00000000e9f00000|100%| E|CS|TAMS 0x00000000e9e00000, 0x00000000e9e00000| Complete 
| 159|0x00000000e9f00000, 0x00000000ea000000, 0x00000000ea000000|100%| E|CS|TAMS 0x00000000e9f00000, 0x00000000e9f00000| Complete 
| 160|0x00000000ea000000, 0x00000000ea100000, 0x00000000ea100000|100%| E|CS|TAMS 0x00000000ea000000, 0x00000000ea000000| Complete 
| 161|0x00000000ea100000, 0x00000000ea200000, 0x00000000ea200000|100%| E|CS|TAMS 0x00000000ea100000, 0x00000000ea100000| Complete 
| 162|0x00000000ea200000, 0x00000000ea300000, 0x00000000ea300000|100%| E|CS|TAMS 0x00000000ea200000, 0x00000000ea200000| Complete 
| 163|0x00000000ea300000, 0x00000000ea400000, 0x00000000ea400000|100%| E|CS|TAMS 0x00000000ea300000, 0x00000000ea300000| Complete 
| 164|0x00000000ea400000, 0x00000000ea500000, 0x00000000ea500000|100%| E|CS|TAMS 0x00000000ea400000, 0x00000000ea400000| Complete 
| 165|0x00000000ea500000, 0x00000000ea600000, 0x00000000ea600000|100%| E|CS|TAMS 0x00000000ea500000, 0x00000000ea500000| Complete 
| 166|0x00000000ea600000, 0x00000000ea700000, 0x00000000ea700000|100%| E|CS|TAMS 0x00000000ea600000, 0x00000000ea600000| Complete 
| 167|0x00000000ea700000, 0x00000000ea800000, 0x00000000ea800000|100%| E|CS|TAMS 0x00000000ea700000, 0x00000000ea700000| Complete 
| 168|0x00000000ea800000, 0x00000000ea900000, 0x00000000ea900000|100%| E|CS|TAMS 0x00000000ea800000, 0x00000000ea800000| Complete 
| 169|0x00000000ea900000, 0x00000000eaa00000, 0x00000000eaa00000|100%| E|CS|TAMS 0x00000000ea900000, 0x00000000ea900000| Complete 
| 170|0x00000000eaa00000, 0x00000000eab00000, 0x00000000eab00000|100%| E|  |TAMS 0x00000000eaa00000, 0x00000000eaa00000| Complete 
| 171|0x00000000eab00000, 0x00000000eac00000, 0x00000000eac00000|100%| E|CS|TAMS 0x00000000eab00000, 0x00000000eab00000| Complete 
| 172|0x00000000eac00000, 0x00000000ead00000, 0x00000000ead00000|100%| E|CS|TAMS 0x00000000eac00000, 0x00000000eac00000| Complete 
| 173|0x00000000ead00000, 0x00000000eae00000, 0x00000000eae00000|100%| E|CS|TAMS 0x00000000ead00000, 0x00000000ead00000| Complete 
| 174|0x00000000eae00000, 0x00000000eaf00000, 0x00000000eaf00000|100%| E|CS|TAMS 0x00000000eae00000, 0x00000000eae00000| Complete 
| 175|0x00000000eaf00000, 0x00000000eb000000, 0x00000000eb000000|100%| E|CS|TAMS 0x00000000eaf00000, 0x00000000eaf00000| Complete 
| 176|0x00000000eb000000, 0x00000000eb100000, 0x00000000eb100000|100%| E|CS|TAMS 0x00000000eb000000, 0x00000000eb000000| Complete 
| 177|0x00000000eb100000, 0x00000000eb200000, 0x00000000eb200000|100%| E|CS|TAMS 0x00000000eb100000, 0x00000000eb100000| Complete 
| 178|0x00000000eb200000, 0x00000000eb300000, 0x00000000eb300000|100%| E|CS|TAMS 0x00000000eb200000, 0x00000000eb200000| Complete 
| 179|0x00000000eb300000, 0x00000000eb400000, 0x00000000eb400000|100%| E|CS|TAMS 0x00000000eb300000, 0x00000000eb300000| Complete 
| 180|0x00000000eb400000, 0x00000000eb500000, 0x00000000eb500000|100%| E|CS|TAMS 0x00000000eb400000, 0x00000000eb400000| Complete 
| 181|0x00000000eb500000, 0x00000000eb600000, 0x00000000eb600000|100%| E|CS|TAMS 0x00000000eb500000, 0x00000000eb500000| Complete 
| 182|0x00000000eb600000, 0x00000000eb700000, 0x00000000eb700000|100%| E|CS|TAMS 0x00000000eb600000, 0x00000000eb600000| Complete 
| 183|0x00000000eb700000, 0x00000000eb800000, 0x00000000eb800000|100%| E|CS|TAMS 0x00000000eb700000, 0x00000000eb700000| Complete 
| 184|0x00000000eb800000, 0x00000000eb900000, 0x00000000eb900000|100%| E|CS|TAMS 0x00000000eb800000, 0x00000000eb800000| Complete 
| 185|0x00000000eb900000, 0x00000000eba00000, 0x00000000eba00000|100%| E|CS|TAMS 0x00000000eb900000, 0x00000000eb900000| Complete 
| 186|0x00000000eba00000, 0x00000000ebb00000, 0x00000000ebb00000|100%| E|CS|TAMS 0x00000000eba00000, 0x00000000eba00000| Complete 
| 187|0x00000000ebb00000, 0x00000000ebc00000, 0x00000000ebc00000|100%| E|CS|TAMS 0x00000000ebb00000, 0x00000000ebb00000| Complete 
| 188|0x00000000ebc00000, 0x00000000ebd00000, 0x00000000ebd00000|100%| E|CS|TAMS 0x00000000ebc00000, 0x00000000ebc00000| Complete 
| 189|0x00000000ebd00000, 0x00000000ebe00000, 0x00000000ebe00000|100%| E|CS|TAMS 0x00000000ebd00000, 0x00000000ebd00000| Complete 
| 190|0x00000000ebe00000, 0x00000000ebf00000, 0x00000000ebf00000|100%| E|CS|TAMS 0x00000000ebe00000, 0x00000000ebe00000| Complete 
| 191|0x00000000ebf00000, 0x00000000ec000000, 0x00000000ec000000|100%| E|CS|TAMS 0x00000000ebf00000, 0x00000000ebf00000| Complete 
| 192|0x00000000ec000000, 0x00000000ec100000, 0x00000000ec100000|100%| E|CS|TAMS 0x00000000ec000000, 0x00000000ec000000| Complete 
| 193|0x00000000ec100000, 0x00000000ec200000, 0x00000000ec200000|100%| E|CS|TAMS 0x00000000ec100000, 0x00000000ec100000| Complete 
| 194|0x00000000ec200000, 0x00000000ec300000, 0x00000000ec300000|100%| E|CS|TAMS 0x00000000ec200000, 0x00000000ec200000| Complete 
| 195|0x00000000ec300000, 0x00000000ec400000, 0x00000000ec400000|100%| E|CS|TAMS 0x00000000ec300000, 0x00000000ec300000| Complete 
| 196|0x00000000ec400000, 0x00000000ec500000, 0x00000000ec500000|100%| E|CS|TAMS 0x00000000ec400000, 0x00000000ec400000| Complete 
| 197|0x00000000ec500000, 0x00000000ec600000, 0x00000000ec600000|100%| E|CS|TAMS 0x00000000ec500000, 0x00000000ec500000| Complete 
| 198|0x00000000ec600000, 0x00000000ec700000, 0x00000000ec700000|100%| E|CS|TAMS 0x00000000ec600000, 0x00000000ec600000| Complete 
| 199|0x00000000ec700000, 0x00000000ec800000, 0x00000000ec800000|100%| E|CS|TAMS 0x00000000ec700000, 0x00000000ec700000| Complete 
| 200|0x00000000ec800000, 0x00000000ec900000, 0x00000000ec900000|100%| E|CS|TAMS 0x00000000ec800000, 0x00000000ec800000| Complete 
| 201|0x00000000ec900000, 0x00000000eca00000, 0x00000000eca00000|100%| E|CS|TAMS 0x00000000ec900000, 0x00000000ec900000| Complete 
| 202|0x00000000eca00000, 0x00000000ecb00000, 0x00000000ecb00000|100%| E|CS|TAMS 0x00000000eca00000, 0x00000000eca00000| Complete 
| 203|0x00000000ecb00000, 0x00000000ecc00000, 0x00000000ecc00000|100%| E|CS|TAMS 0x00000000ecb00000, 0x00000000ecb00000| Complete 
| 204|0x00000000ecc00000, 0x00000000ecd00000, 0x00000000ecd00000|100%| E|CS|TAMS 0x00000000ecc00000, 0x00000000ecc00000| Complete 
| 205|0x00000000ecd00000, 0x00000000ece00000, 0x00000000ece00000|100%| E|CS|TAMS 0x00000000ecd00000, 0x00000000ecd00000| Complete 
| 206|0x00000000ece00000, 0x00000000ecf00000, 0x00000000ecf00000|100%| E|CS|TAMS 0x00000000ece00000, 0x00000000ece00000| Complete 
| 207|0x00000000ecf00000, 0x00000000ed000000, 0x00000000ed000000|100%| E|CS|TAMS 0x00000000ecf00000, 0x00000000ecf00000| Complete 
| 208|0x00000000ed000000, 0x00000000ed100000, 0x00000000ed100000|100%| E|CS|TAMS 0x00000000ed000000, 0x00000000ed000000| Complete 
| 209|0x00000000ed100000, 0x00000000ed200000, 0x00000000ed200000|100%| E|CS|TAMS 0x00000000ed100000, 0x00000000ed100000| Complete 
| 210|0x00000000ed200000, 0x00000000ed300000, 0x00000000ed300000|100%| E|CS|TAMS 0x00000000ed200000, 0x00000000ed200000| Complete 
| 211|0x00000000ed300000, 0x00000000ed400000, 0x00000000ed400000|100%| E|CS|TAMS 0x00000000ed300000, 0x00000000ed300000| Complete 
| 212|0x00000000ed400000, 0x00000000ed500000, 0x00000000ed500000|100%| E|CS|TAMS 0x00000000ed400000, 0x00000000ed400000| Complete 
| 213|0x00000000ed500000, 0x00000000ed600000, 0x00000000ed600000|100%| E|CS|TAMS 0x00000000ed500000, 0x00000000ed500000| Complete 
| 214|0x00000000ed600000, 0x00000000ed700000, 0x00000000ed700000|100%| E|CS|TAMS 0x00000000ed600000, 0x00000000ed600000| Complete 
| 215|0x00000000ed700000, 0x00000000ed800000, 0x00000000ed800000|100%| E|CS|TAMS 0x00000000ed700000, 0x00000000ed700000| Complete 
| 216|0x00000000ed800000, 0x00000000ed900000, 0x00000000ed900000|100%| E|CS|TAMS 0x00000000ed800000, 0x00000000ed800000| Complete 
| 217|0x00000000ed900000, 0x00000000eda00000, 0x00000000eda00000|100%| E|CS|TAMS 0x00000000ed900000, 0x00000000ed900000| Complete 
| 218|0x00000000eda00000, 0x00000000edb00000, 0x00000000edb00000|100%| E|CS|TAMS 0x00000000eda00000, 0x00000000eda00000| Complete 
| 219|0x00000000edb00000, 0x00000000edc00000, 0x00000000edc00000|100%| E|CS|TAMS 0x00000000edb00000, 0x00000000edb00000| Complete 
| 220|0x00000000edc00000, 0x00000000edd00000, 0x00000000edd00000|100%| E|CS|TAMS 0x00000000edc00000, 0x00000000edc00000| Complete 
| 221|0x00000000edd00000, 0x00000000ede00000, 0x00000000ede00000|100%| E|CS|TAMS 0x00000000edd00000, 0x00000000edd00000| Complete 
| 222|0x00000000ede00000, 0x00000000edf00000, 0x00000000edf00000|100%| E|CS|TAMS 0x00000000ede00000, 0x00000000ede00000| Complete 
| 223|0x00000000edf00000, 0x00000000ee000000, 0x00000000ee000000|100%| E|CS|TAMS 0x00000000edf00000, 0x00000000edf00000| Complete 
| 224|0x00000000ee000000, 0x00000000ee100000, 0x00000000ee100000|100%| E|CS|TAMS 0x00000000ee000000, 0x00000000ee000000| Complete 
| 225|0x00000000ee100000, 0x00000000ee200000, 0x00000000ee200000|100%| E|CS|TAMS 0x00000000ee100000, 0x00000000ee100000| Complete 
| 226|0x00000000ee200000, 0x00000000ee300000, 0x00000000ee300000|100%| E|CS|TAMS 0x00000000ee200000, 0x00000000ee200000| Complete 
| 227|0x00000000ee300000, 0x00000000ee400000, 0x00000000ee400000|100%| E|CS|TAMS 0x00000000ee300000, 0x00000000ee300000| Complete 
| 228|0x00000000ee400000, 0x00000000ee500000, 0x00000000ee500000|100%| E|CS|TAMS 0x00000000ee400000, 0x00000000ee400000| Complete 
| 229|0x00000000ee500000, 0x00000000ee600000, 0x00000000ee600000|100%| E|CS|TAMS 0x00000000ee500000, 0x00000000ee500000| Complete 
| 230|0x00000000ee600000, 0x00000000ee700000, 0x00000000ee700000|100%| E|CS|TAMS 0x00000000ee600000, 0x00000000ee600000| Complete 
| 231|0x00000000ee700000, 0x00000000ee800000, 0x00000000ee800000|100%| E|CS|TAMS 0x00000000ee700000, 0x00000000ee700000| Complete 
| 232|0x00000000ee800000, 0x00000000ee900000, 0x00000000ee900000|100%| E|CS|TAMS 0x00000000ee800000, 0x00000000ee800000| Complete 
| 233|0x00000000ee900000, 0x00000000eea00000, 0x00000000eea00000|100%| E|CS|TAMS 0x00000000ee900000, 0x00000000ee900000| Complete 
| 234|0x00000000eea00000, 0x00000000eeb00000, 0x00000000eeb00000|100%| E|CS|TAMS 0x00000000eea00000, 0x00000000eea00000| Complete 
| 235|0x00000000eeb00000, 0x00000000eec00000, 0x00000000eec00000|100%| E|CS|TAMS 0x00000000eeb00000, 0x00000000eeb00000| Complete 
| 236|0x00000000eec00000, 0x00000000eed00000, 0x00000000eed00000|100%| E|CS|TAMS 0x00000000eec00000, 0x00000000eec00000| Complete 
| 237|0x00000000eed00000, 0x00000000eee00000, 0x00000000eee00000|100%| E|CS|TAMS 0x00000000eed00000, 0x00000000eed00000| Complete 
| 238|0x00000000eee00000, 0x00000000eef00000, 0x00000000eef00000|100%| E|CS|TAMS 0x00000000eee00000, 0x00000000eee00000| Complete 
| 239|0x00000000eef00000, 0x00000000ef000000, 0x00000000ef000000|100%| E|CS|TAMS 0x00000000eef00000, 0x00000000eef00000| Complete 
| 240|0x00000000ef000000, 0x00000000ef100000, 0x00000000ef100000|100%| E|CS|TAMS 0x00000000ef000000, 0x00000000ef000000| Complete 
| 241|0x00000000ef100000, 0x00000000ef200000, 0x00000000ef200000|100%| E|CS|TAMS 0x00000000ef100000, 0x00000000ef100000| Complete 
| 242|0x00000000ef200000, 0x00000000ef300000, 0x00000000ef300000|100%| E|CS|TAMS 0x00000000ef200000, 0x00000000ef200000| Complete 
| 243|0x00000000ef300000, 0x00000000ef400000, 0x00000000ef400000|100%| E|CS|TAMS 0x00000000ef300000, 0x00000000ef300000| Complete 
| 244|0x00000000ef400000, 0x00000000ef500000, 0x00000000ef500000|100%| E|CS|TAMS 0x00000000ef400000, 0x00000000ef400000| Complete 
| 245|0x00000000ef500000, 0x00000000ef600000, 0x00000000ef600000|100%| E|CS|TAMS 0x00000000ef500000, 0x00000000ef500000| Complete 
| 246|0x00000000ef600000, 0x00000000ef700000, 0x00000000ef700000|100%| E|CS|TAMS 0x00000000ef600000, 0x00000000ef600000| Complete 
| 247|0x00000000ef700000, 0x00000000ef800000, 0x00000000ef800000|100%| E|CS|TAMS 0x00000000ef700000, 0x00000000ef700000| Complete 
| 248|0x00000000ef800000, 0x00000000ef900000, 0x00000000ef900000|100%| E|CS|TAMS 0x00000000ef800000, 0x00000000ef800000| Complete 
| 249|0x00000000ef900000, 0x00000000efa00000, 0x00000000efa00000|100%| E|CS|TAMS 0x00000000ef900000, 0x00000000ef900000| Complete 
| 250|0x00000000efa00000, 0x00000000efb00000, 0x00000000efb00000|100%| E|CS|TAMS 0x00000000efa00000, 0x00000000efa00000| Complete 
| 251|0x00000000efb00000, 0x00000000efc00000, 0x00000000efc00000|100%| E|CS|TAMS 0x00000000efb00000, 0x00000000efb00000| Complete 
| 252|0x00000000efc00000, 0x00000000efd00000, 0x00000000efd00000|100%| E|CS|TAMS 0x00000000efc00000, 0x00000000efc00000| Complete 
| 253|0x00000000efd00000, 0x00000000efe00000, 0x00000000efe00000|100%| E|CS|TAMS 0x00000000efd00000, 0x00000000efd00000| Complete 
| 254|0x00000000efe00000, 0x00000000eff00000, 0x00000000eff00000|100%| E|CS|TAMS 0x00000000efe00000, 0x00000000efe00000| Complete 
| 255|0x00000000eff00000, 0x00000000f0000000, 0x00000000f0000000|100%| E|CS|TAMS 0x00000000eff00000, 0x00000000eff00000| Complete 

Card table byte_map: [0x000002cb4aa80000,0x000002cb4ab80000] _byte_map_base: 0x000002cb4a380000

Marking Bits (Prev, Next): (CMBitMap*) 0x000002cb33d98c90, (CMBitMap*) 0x000002cb33d98c50
 Prev Bits: [0x000002cb4b480000, 0x000002cb4bc80000)
 Next Bits: [0x000002cb4ac80000, 0x000002cb4b480000)

Polling page: 0x000002cb31cd0000

Metaspace:

Usage:
  Non-class:     57.24 MB used.
      Class:      9.43 MB used.
       Both:     66.67 MB used.

Virtual space:
  Non-class space:       64.00 MB reserved,      57.75 MB ( 90%) committed,  1 nodes.
      Class space:      320.00 MB reserved,       9.88 MB (  3%) committed,  1 nodes.
             Both:      384.00 MB reserved,      67.62 MB ( 18%) committed. 

Chunk freelists:
   Non-Class:  6.16 MB
       Class:  6.00 MB
        Both:  12.16 MB

MaxMetaspaceSize: 384.00 MB
CompressedClassSpaceSize: 320.00 MB
Initial GC threshold: 21.00 MB
Current GC threshold: 98.06 MB
CDS: on
MetaspaceReclaimPolicy: balanced
 - commit_granule_bytes: 65536.
 - commit_granule_words: 8192.
 - virtual_space_node_default_size: 8388608.
 - enlarge_chunks_in_place: 1.
 - new_chunks_are_fully_committed: 0.
 - uncommit_free_chunks: 1.
 - use_allocation_guard: 0.
 - handle_deallocations: 1.


Internal statistics:

num_allocs_failed_limit: 9.
num_arena_births: 1324.
num_arena_deaths: 0.
num_vsnodes_births: 2.
num_vsnodes_deaths: 0.
num_space_committed: 1082.
num_space_uncommitted: 0.
num_chunks_returned_to_freelist: 9.
num_chunks_taken_from_freelist: 4263.
num_chunk_merges: 6.
num_chunk_splits: 2673.
num_chunks_enlarged: 1609.
num_inconsistent_stats: 0.

CodeHeap 'non-profiled nmethods': size=120000Kb used=5548Kb max_used=5548Kb free=114451Kb
 bounds [0x000002cb43100000, 0x000002cb43670000, 0x000002cb4a630000]
CodeHeap 'profiled nmethods': size=120000Kb used=17947Kb max_used=18800Kb free=102052Kb
 bounds [0x000002cb3b630000, 0x000002cb3c890000, 0x000002cb42b60000]
CodeHeap 'non-nmethods': size=5760Kb used=1718Kb max_used=1821Kb free=4042Kb
 bounds [0x000002cb42b60000, 0x000002cb42dd0000, 0x000002cb43100000]
 total_blobs=10276 nmethods=9469 adapters=719
 compilation: enabled
              stopped_count=0, restarted_count=0
 full_count=0

Compilation events (20 events):
Event: 26.076 Thread 0x000002cb4e6b8250 nmethod 11043 0x000002cb3bb17110 code [0x000002cb3bb172e0, 0x000002cb3bb176d8]
Event: 26.076 Thread 0x000002cb4e6b8250 11044       3       java.lang.invoke.LambdaFormBuffer::setNames (22 bytes)
Event: 26.076 Thread 0x000002cb4e6b8250 nmethod 11044 0x000002cb3be6a490 code [0x000002cb3be6a620, 0x000002cb3be6a7f8]
Event: 26.076 Thread 0x000002cb4e6b8250 11045       3       java.lang.invoke.LambdaFormBuffer::nameArray (15 bytes)
Event: 26.076 Thread 0x000002cb4e6b8250 nmethod 11045 0x000002cb3bb16b90 code [0x000002cb3bb16d40, 0x000002cb3bb17008]
Event: 26.077 Thread 0x000002cb4e6b8250 11046       3       org.gradle.internal.logging.sink.ProgressLogEventGenerator$Operation::<init> (12 bytes)
Event: 26.078 Thread 0x000002cb4e6b8250 nmethod 11046 0x000002cb3c379810 code [0x000002cb3c3799a0, 0x000002cb3c379ae8]
Event: 26.088 Thread 0x000002cb4e6b8250 11047       3       org.gradle.internal.operations.OperationIdentifier::equals (47 bytes)
Event: 26.089 Thread 0x000002cb4e6b8250 nmethod 11047 0x000002cb3bb16510 code [0x000002cb3bb166c0, 0x000002cb3bb16a98]
Event: 26.157 Thread 0x000002cb4e6acbd0 11048       4       org.gradle.internal.logging.text.AbstractLineChoppingStyledTextOutput::doAppend (43 bytes)
Event: 26.157 Thread 0x000002cb6efddaa0 11049       4       org.gradle.internal.logging.text.AbstractLineChoppingStyledTextOutput$1::execute (9 bytes)
Event: 26.157 Thread 0x000002cb4e6b8250 11050       2       org.gradle.internal.logging.text.AbstractLineChoppingStyledTextOutput$1::execute (140 bytes)
Event: 26.159 Thread 0x000002cb4e6b8250 nmethod 11050 0x000002cb3bb15990 code [0x000002cb3bb15bc0, 0x000002cb3bb16098]
Event: 26.159 Thread 0x000002cb4e6b8250 11053       2       org.gradle.internal.logging.text.AbstractLineChoppingStyledTextOutput$2::execute (77 bytes)
Event: 26.159 Thread 0x000002cb4e6b8250 nmethod 11053 0x000002cb3beb7d90 code [0x000002cb3beb7fa0, 0x000002cb3beb8388]
Event: 26.159 Thread 0x000002cb4e6b8250 11052       2       org.gradle.internal.logging.text.AbstractLineChoppingStyledTextOutput$2::execute (9 bytes)
Event: 26.159 Thread 0x000002cb4e6b8250 nmethod 11052 0x000002cb3bb15590 code [0x000002cb3bb15720, 0x000002cb3bb15888]
Event: 26.172 Thread 0x000002cb6efddaa0 nmethod 11049 0x000002cb43669690 code [0x000002cb436698a0, 0x000002cb4366a1d0]
Event: 26.172 Thread 0x000002cb6efddaa0 11051       4       org.gradle.internal.logging.text.AbstractLineChoppingStyledTextOutput::access$800 (4 bytes)
Event: 26.172 Thread 0x000002cb6efddaa0 nmethod 11051 0x000002cb4366a810 code [0x000002cb4366a980, 0x000002cb4366a9d8]

GC Heap History (14 events):
Event: 1.433 GC heap before
{Heap before GC invocations=0 (full 0):
 garbage-first heap   total 262144K, used 27648K [0x00000000e0000000, 0x0000000100000000)
  region size 1024K, 23 young (23552K), 0 survivors (0K)
 Metaspace       used 3042K, committed 3200K, reserved 393216K
  class space    used 363K, committed 384K, reserved 327680K
}
Event: 1.438 GC heap after
{Heap after GC invocations=1 (full 0):
 garbage-first heap   total 262144K, used 11045K [0x00000000e0000000, 0x0000000100000000)
  region size 1024K, 3 young (3072K), 3 survivors (3072K)
 Metaspace       used 3042K, committed 3200K, reserved 393216K
  class space    used 363K, committed 384K, reserved 327680K
}
Event: 2.148 GC heap before
{Heap before GC invocations=1 (full 0):
 garbage-first heap   total 262144K, used 39717K [0x00000000e0000000, 0x0000000100000000)
  region size 1024K, 29 young (29696K), 3 survivors (3072K)
 Metaspace       used 4616K, committed 4800K, reserved 393216K
  class space    used 586K, committed 640K, reserved 327680K
}
Event: 2.153 GC heap after
{Heap after GC invocations=2 (full 0):
 garbage-first heap   total 262144K, used 14320K [0x00000000e0000000, 0x0000000100000000)
  region size 1024K, 3 young (3072K), 3 survivors (3072K)
 Metaspace       used 4616K, committed 4800K, reserved 393216K
  class space    used 586K, committed 640K, reserved 327680K
}
Event: 5.599 GC heap before
{Heap before GC invocations=2 (full 0):
 garbage-first heap   total 262144K, used 130032K [0x00000000e0000000, 0x0000000100000000)
  region size 1024K, 116 young (118784K), 3 survivors (3072K)
 Metaspace       used 21129K, committed 21504K, reserved 393216K
  class space    used 2926K, committed 3072K, reserved 327680K
}
Event: 5.610 GC heap after
{Heap after GC invocations=3 (full 0):
 garbage-first heap   total 262144K, used 23323K [0x00000000e0000000, 0x0000000100000000)
  region size 1024K, 11 young (11264K), 11 survivors (11264K)
 Metaspace       used 21129K, committed 21504K, reserved 393216K
  class space    used 2926K, committed 3072K, reserved 327680K
}
Event: 8.330 GC heap before
{Heap before GC invocations=4 (full 0):
 garbage-first heap   total 262144K, used 128795K [0x00000000e0000000, 0x0000000100000000)
  region size 1024K, 116 young (118784K), 11 survivors (11264K)
 Metaspace       used 35482K, committed 35968K, reserved 393216K
  class space    used 4995K, committed 5248K, reserved 327680K
}
Event: 8.345 GC heap after
{Heap after GC invocations=5 (full 0):
 garbage-first heap   total 262144K, used 30838K [0x00000000e0000000, 0x0000000100000000)
  region size 1024K, 8 young (8192K), 8 survivors (8192K)
 Metaspace       used 35482K, committed 35968K, reserved 393216K
  class space    used 4995K, committed 5248K, reserved 327680K
}
Event: 12.720 GC heap before
{Heap before GC invocations=6 (full 0):
 garbage-first heap   total 262144K, used 174198K [0x00000000e0000000, 0x0000000100000000)
  region size 1024K, 148 young (151552K), 8 survivors (8192K)
 Metaspace       used 53827K, committed 54592K, reserved 393216K
  class space    used 7614K, committed 8000K, reserved 327680K
}
Event: 12.738 GC heap after
{Heap after GC invocations=7 (full 0):
 garbage-first heap   total 262144K, used 40394K [0x00000000e0000000, 0x0000000100000000)
  region size 1024K, 17 young (17408K), 17 survivors (17408K)
 Metaspace       used 53827K, committed 54592K, reserved 393216K
  class space    used 7614K, committed 8000K, reserved 327680K
}
Event: 14.445 GC heap before
{Heap before GC invocations=7 (full 0):
 garbage-first heap   total 262144K, used 123338K [0x00000000e0000000, 0x0000000100000000)
  region size 1024K, 100 young (102400K), 17 survivors (17408K)
 Metaspace       used 59377K, committed 60160K, reserved 393216K
  class space    used 8439K, committed 8832K, reserved 327680K
}
Event: 14.468 GC heap after
{Heap after GC invocations=8 (full 0):
 garbage-first heap   total 262144K, used 49071K [0x00000000e0000000, 0x0000000100000000)
  region size 1024K, 19 young (19456K), 19 survivors (19456K)
 Metaspace       used 59377K, committed 60160K, reserved 393216K
  class space    used 8439K, committed 8832K, reserved 327680K
}
Event: 19.540 GC heap before
{Heap before GC invocations=9 (full 0):
 garbage-first heap   total 262144K, used 186287K [0x00000000e0000000, 0x0000000100000000)
  region size 1024K, 153 young (156672K), 19 survivors (19456K)
 Metaspace       used 63266K, committed 64128K, reserved 393216K
  class space    used 8798K, committed 9216K, reserved 327680K
}
Event: 19.565 GC heap after
{Heap after GC invocations=10 (full 0):
 garbage-first heap   total 262144K, used 57095K [0x00000000e0000000, 0x0000000100000000)
  region size 1024K, 17 young (17408K), 17 survivors (17408K)
 Metaspace       used 63266K, committed 64128K, reserved 393216K
  class space    used 8798K, committed 9216K, reserved 327680K
}

Deoptimization events (20 events):
Event: 25.950 Thread 0x000002cb68d36640 DEOPT PACKING pc=0x000002cb3c4dead4 sp=0x000000ecb7cfeb40
Event: 25.950 Thread 0x000002cb68d36640 DEOPT UNPACKING pc=0x000002cb42bb2b43 sp=0x000000ecb7cfe038 mode 0
Event: 25.950 Thread 0x000002cb68d36640 Uncommon trap: trap_request=0xffffffc6 fr.pc=0x000002cb43114c34 relative=0x0000000000000094
Event: 25.950 Thread 0x000002cb68d36640 Uncommon trap: reason=bimorphic_or_optimized_type_check action=maybe_recompile pc=0x000002cb43114c34 method=java.util.Collections$SetFromMap.remove(Ljava/lang/Object;)Z @ 5 c2
Event: 25.950 Thread 0x000002cb68d36640 DEOPT PACKING pc=0x000002cb43114c34 sp=0x000000ecb7cfed50
Event: 25.950 Thread 0x000002cb68d36640 DEOPT UNPACKING pc=0x000002cb42bb23a3 sp=0x000000ecb7cfece8 mode 2
Event: 25.951 Thread 0x000002cb68d36640 Uncommon trap: trap_request=0xffffffc6 fr.pc=0x000002cb43114c34 relative=0x0000000000000094
Event: 25.951 Thread 0x000002cb68d36640 Uncommon trap: reason=bimorphic_or_optimized_type_check action=maybe_recompile pc=0x000002cb43114c34 method=java.util.Collections$SetFromMap.remove(Ljava/lang/Object;)Z @ 5 c2
Event: 25.951 Thread 0x000002cb68d36640 DEOPT PACKING pc=0x000002cb43114c34 sp=0x000000ecb7cfed50
Event: 25.951 Thread 0x000002cb68d36640 DEOPT UNPACKING pc=0x000002cb42bb23a3 sp=0x000000ecb7cfece8 mode 2
Event: 25.974 Thread 0x000002cb68d36640 Uncommon trap: trap_request=0xffffffc6 fr.pc=0x000002cb43114c34 relative=0x0000000000000094
Event: 25.974 Thread 0x000002cb68d36640 Uncommon trap: reason=bimorphic_or_optimized_type_check action=maybe_recompile pc=0x000002cb43114c34 method=java.util.Collections$SetFromMap.remove(Ljava/lang/Object;)Z @ 5 c2
Event: 25.974 Thread 0x000002cb68d36640 DEOPT PACKING pc=0x000002cb43114c34 sp=0x000000ecb7cfed50
Event: 25.974 Thread 0x000002cb68d36640 DEOPT UNPACKING pc=0x000002cb42bb23a3 sp=0x000000ecb7cfece8 mode 2
Event: 26.036 Thread 0x000002cb69c9a640 DEOPT PACKING pc=0x000002cb3c33f349 sp=0x000000ecb4efe7d0
Event: 26.036 Thread 0x000002cb69c9a640 DEOPT UNPACKING pc=0x000002cb42bb2b43 sp=0x000000ecb4efdc70 mode 0
Event: 26.074 Thread 0x000002cb68d36640 Uncommon trap: trap_request=0xffffff45 fr.pc=0x000002cb4354e980 relative=0x0000000000000080
Event: 26.074 Thread 0x000002cb68d36640 Uncommon trap: reason=unstable_if action=reinterpret pc=0x000002cb4354e980 method=java.lang.CharacterDataLatin1.isUpperCase(I)Z @ 7 c2
Event: 26.074 Thread 0x000002cb68d36640 DEOPT PACKING pc=0x000002cb4354e980 sp=0x000000ecb7cf9d20
Event: 26.074 Thread 0x000002cb68d36640 DEOPT UNPACKING pc=0x000002cb42bb23a3 sp=0x000000ecb7cf9ca0 mode 2

Classes unloaded (0 events):
No events

Classes redefined (0 events):
No events

Internal exceptions (20 events):
Event: 21.863 Thread 0x000002cb68d36640 Exception <a 'java/lang/NoSuchMethodError'{0x00000000ea07f9c0}: static Lorg/gradle/api/internal/tasks/compile/MinimalCompilerDaemonForkOptions;.<clinit>()V> (0x00000000ea07f9c0) 
thrown [s\open\src\hotspot\share\prims\jni.cpp, line 1112]
Event: 21.941 Thread 0x000002cb68d36640 Exception <a 'java/lang/NoSuchMethodError'{0x00000000e9c92600}: static Lorg/gradle/process/internal/worker/request/WorkerAction;.<clinit>()V> (0x00000000e9c92600) 
thrown [s\open\src\hotspot\share\prims\jni.cpp, line 1112]
Event: 25.767 Thread 0x000002cb6b185bb0 Exception <a 'java/lang/NoSuchMethodError'{0x00000000e990b418}: 'void java.lang.invoke.DirectMethodHandle$Holder.invokeSpecial(java.lang.Object, java.lang.Object, java.lang.Object, int)'> (0x00000000e990b418) 
thrown [s\open\src\hotspot\share\interpreter\linkResolver.cpp, line 759]
Event: 25.773 Thread 0x000002cb6b185bb0 Exception <a 'java/lang/NoSuchMethodError'{0x00000000e99e9160}: static Ljava/lang/Object;.<clinit>()V> (0x00000000e99e9160) 
thrown [s\open\src\hotspot\share\prims\jni.cpp, line 1112]
Event: 25.774 Thread 0x000002cb6b185bb0 Exception <a 'java/lang/NoSuchMethodError'{0x00000000e9803868}: static Lorg/gradle/api/internal/tasks/compile/ApiCompilerResult;.<clinit>()V> (0x00000000e9803868) 
thrown [s\open\src\hotspot\share\prims\jni.cpp, line 1112]
Event: 25.776 Thread 0x000002cb6b185bb0 Exception <a 'java/lang/NoSuchMethodError'{0x00000000e9818d80}: static Lorg/gradle/api/internal/tasks/compile/incremental/processing/AnnotationProcessingResult;.<clinit>()V> (0x00000000e9818d80) 
thrown [s\open\src\hotspot\share\prims\jni.cpp, line 1112]
Event: 25.781 Thread 0x000002cb6b185bb0 Exception <a 'java/lang/NoSuchMethodError'{0x00000000e9854d30}: static Lorg/gradle/api/internal/tasks/compile/incremental/compilerapi/constants/ConstantsAnalysisResult;.<clinit>()V> (0x00000000e9854d30) 
thrown [s\open\src\hotspot\share\prims\jni.cpp, line 1112]
Event: 25.781 Thread 0x000002cb6b185bb0 Exception <a 'java/lang/NoSuchMethodError'{0x00000000e985fc98}: static Lorg/gradle/api/internal/tasks/compile/incremental/compilerapi/constants/ConstantToDependentsMappingBuilder;.<clinit>()V> (0x00000000e985fc98) 
thrown [s\open\src\hotspot\share\prims\jni.cpp, line 1112]
Event: 25.831 Thread 0x000002cb68d36640 Implicit null exception at 0x000002cb43395620 to 0x000002cb433959f4
Event: 25.831 Thread 0x000002cb68d36640 Implicit null exception at 0x000002cb4341a2e0 to 0x000002cb4341a369
Event: 25.831 Thread 0x000002cb68d36640 Implicit null exception at 0x000002cb431b1f50 to 0x000002cb431b1fa5
Event: 25.951 Thread 0x000002cb69c99200 Exception <a 'java/lang/NoSuchMethodError'{0x00000000e9129778}: static Lorg/gradle/internal/build/event/types/DefaultTaskFinishedProgressEvent;.<clinit>()V> (0x00000000e9129778) 
thrown [s\open\src\hotspot\share\prims\jni.cpp, line 1112]
Event: 25.953 Thread 0x000002cb69c99200 Exception <a 'java/lang/NoSuchMethodError'{0x00000000e914d1a8}: static Lorg/gradle/internal/build/event/types/DefaultJavaCompileTaskSuccessResult;.<clinit>()V> (0x00000000e914d1a8) 
thrown [s\open\src\hotspot\share\prims\jni.cpp, line 1112]
Event: 25.953 Thread 0x000002cb69c99200 Exception <a 'java/lang/NoSuchMethodError'{0x00000000e914e918}: static Lorg/gradle/internal/build/event/types/DefaultTaskSuccessResult;.<clinit>()V> (0x00000000e914e918) 
thrown [s\open\src\hotspot\share\prims\jni.cpp, line 1112]
Event: 25.953 Thread 0x000002cb69c99200 Exception <a 'java/lang/NoSuchMethodError'{0x00000000e914fa90}: static Lorg/gradle/internal/build/event/types/AbstractTaskResult;.<clinit>()V> (0x00000000e914fa90) 
thrown [s\open\src\hotspot\share\prims\jni.cpp, line 1112]
Event: 25.954 Thread 0x000002cb69c99200 Exception <a 'java/lang/NoSuchMethodError'{0x00000000e9151200}: static Lorg/gradle/internal/build/event/types/AbstractResult;.<clinit>()V> (0x00000000e9151200) 
thrown [s\open\src\hotspot\share\prims\jni.cpp, line 1112]
Event: 26.065 Thread 0x000002cb68d36640 Exception <a 'java/lang/ClassNotFoundException'{0x00000000e8e48870}: java/util/CollectionsBeanInfo> (0x00000000e8e48870) 
thrown [s\open\src\hotspot\share\classfile\systemDictionary.cpp, line 256]
Event: 26.065 Thread 0x000002cb68d36640 Exception <a 'java/lang/ClassNotFoundException'{0x00000000e8e50980}: java/util/CollectionsCustomizer> (0x00000000e8e50980) 
thrown [s\open\src\hotspot\share\classfile\systemDictionary.cpp, line 256]
Event: 26.073 Thread 0x000002cb68d36640 Exception <a 'java/lang/ClassNotFoundException'{0x00000000e8ee0500}: com/intellij/openapi/externalSystem/rt/execution/ForkedDebuggerHelperBeanInfo> (0x00000000e8ee0500) 
thrown [s\open\src\hotspot\share\classfile\systemDictionary.cpp, line 256]
Event: 26.074 Thread 0x000002cb68d36640 Exception <a 'java/lang/ClassNotFoundException'{0x00000000e8eede48}: com/intellij/openapi/externalSystem/rt/execution/ForkedDebuggerHelperCustomizer> (0x00000000e8eede48) 
thrown [s\open\src\hotspot\share\classfile\systemDictionary.cpp, line 256]

VM Operations (20 events):
Event: 21.308 Executing VM operation: ICBufferFull
Event: 21.308 Executing VM operation: ICBufferFull done
Event: 21.922 Executing VM operation: HandshakeAllThreads
Event: 21.922 Executing VM operation: HandshakeAllThreads done
Event: 22.931 Executing VM operation: Cleanup
Event: 22.931 Executing VM operation: Cleanup done
Event: 22.991 Executing VM operation: HandshakeAllThreads
Event: 22.991 Executing VM operation: HandshakeAllThreads done
Event: 24.005 Executing VM operation: Cleanup
Event: 24.005 Executing VM operation: Cleanup done
Event: 25.935 Executing VM operation: HandshakeAllThreads
Event: 25.935 Executing VM operation: HandshakeAllThreads done
Event: 25.935 Executing VM operation: Cleanup
Event: 25.935 Executing VM operation: Cleanup done
Event: 25.936 Executing VM operation: HandshakeAllThreads
Event: 25.936 Executing VM operation: HandshakeAllThreads done
Event: 25.943 Executing VM operation: HandshakeAllThreads
Event: 25.943 Executing VM operation: HandshakeAllThreads done
Event: 25.948 Executing VM operation: HandshakeAllThreads
Event: 25.948 Executing VM operation: HandshakeAllThreads done

Events (20 events):
Event: 25.779 loading class java/util/HashMap$UnsafeHolder
Event: 25.779 loading class java/util/HashMap$UnsafeHolder done
Event: 25.786 loading class java/util/PriorityQueue
Event: 25.787 loading class java/util/PriorityQueue done
Event: 25.866 Thread 0x000002cb6efddaa0 Thread added: 0x000002cb6efddaa0
Event: 25.882 Thread 0x000002cb6a70c590 Thread added: 0x000002cb6a70c590
Event: 25.982 loading class java/util/ArrayList$SubList$2
Event: 25.982 loading class java/util/ArrayList$SubList$2 done
Event: 26.064 loading class java/util/CollectionsBeanInfo
Event: 26.064 loading class java/util/CollectionsBeanInfo done
Event: 26.065 loading class java/util/CollectionsBeanInfo
Event: 26.065 loading class java/util/CollectionsBeanInfo done
Event: 26.065 loading class java/util/CollectionsCustomizer
Event: 26.065 loading class java/util/CollectionsCustomizer done
Event: 26.065 loading class java/util/CollectionsCustomizer
Event: 26.065 loading class java/util/CollectionsCustomizer done
Event: 26.081 Thread 0x000002cb6b184260 Thread added: 0x000002cb6b184260
Event: 26.081 Thread 0x000002cb6b18a290 Thread added: 0x000002cb6b18a290
Event: 26.081 Thread 0x000002cb6b186ff0 Thread added: 0x000002cb6b186ff0
Event: 26.082 Thread 0x000002cb6b188940 Thread added: 0x000002cb6b188940


Dynamic libraries:
0x00007ff79cca0000 - 0x00007ff79ccb0000 	C:\Program Files\Java\jdk-17\bin\java.exe
0x00007ffd85cb0000 - 0x00007ffd85ea8000 	C:\Windows\SYSTEM32\ntdll.dll
0x00007ffd84d90000 - 0x00007ffd84e52000 	C:\Windows\System32\KERNEL32.DLL
0x00007ffd83670000 - 0x00007ffd83966000 	C:\Windows\System32\KERNELBASE.dll
0x00007ffd83970000 - 0x00007ffd83a70000 	C:\Windows\System32\ucrtbase.dll
0x00007ffd807a0000 - 0x00007ffd807bb000 	C:\Program Files\Java\jdk-17\bin\VCRUNTIME140.dll
0x00007ffd7fd90000 - 0x00007ffd7fda9000 	C:\Program Files\Java\jdk-17\bin\jli.dll
0x00007ffd85310000 - 0x00007ffd853c1000 	C:\Windows\System32\ADVAPI32.dll
0x00007ffd848b0000 - 0x00007ffd8494e000 	C:\Windows\System32\msvcrt.dll
0x00007ffd84ce0000 - 0x00007ffd84d7f000 	C:\Windows\System32\sechost.dll
0x00007ffd851f0000 - 0x00007ffd85310000 	C:\Windows\System32\RPCRT4.dll
0x00007ffd835c0000 - 0x00007ffd835e7000 	C:\Windows\System32\bcrypt.dll
0x00007ffd84980000 - 0x00007ffd84b21000 	C:\Windows\System32\USER32.dll
0x00007ffd83c00000 - 0x00007ffd83c22000 	C:\Windows\System32\win32u.dll
0x00007ffd84c50000 - 0x00007ffd84c7b000 	C:\Windows\System32\GDI32.dll
0x00007ffd834a0000 - 0x00007ffd835b9000 	C:\Windows\System32\gdi32full.dll
0x00007ffd6bdf0000 - 0x00007ffd6c08b000 	C:\Windows\WinSxS\amd64_microsoft.windows.common-controls_6595b64144ccf1df_6.0.19041.6456_none_60b8a6cb71f64256\COMCTL32.dll
0x00007ffd83c30000 - 0x00007ffd83ccd000 	C:\Windows\System32\msvcp_win.dll
0x00007ffd7b700000 - 0x00007ffd7b70a000 	C:\Windows\SYSTEM32\VERSION.dll
0x00007ffd84950000 - 0x00007ffd8497f000 	C:\Windows\System32\IMM32.DLL
0x00007ffd7fe20000 - 0x00007ffd7fe2c000 	C:\Program Files\Java\jdk-17\bin\vcruntime140_1.dll
0x00007ffd67ad0000 - 0x00007ffd67b5e000 	C:\Program Files\Java\jdk-17\bin\msvcp140.dll
0x00007ffcf6570000 - 0x00007ffcf7150000 	C:\Program Files\Java\jdk-17\bin\server\jvm.dll
0x00007ffd84d80000 - 0x00007ffd84d88000 	C:\Windows\System32\PSAPI.DLL
0x00007ffd66f10000 - 0x00007ffd66f19000 	C:\Windows\SYSTEM32\WSOCK32.dll
0x00007ffd68500000 - 0x00007ffd68527000 	C:\Windows\SYSTEM32\WINMM.dll
0x00007ffd850d0000 - 0x00007ffd8513b000 	C:\Windows\System32\WS2_32.dll
0x00007ffd81170000 - 0x00007ffd81182000 	C:\Windows\SYSTEM32\kernel.appcore.dll
0x00007ffd7fd80000 - 0x00007ffd7fd8a000 	C:\Program Files\Java\jdk-17\bin\jimage.dll
0x00007ffd7eb50000 - 0x00007ffd7ed51000 	C:\Windows\SYSTEM32\DBGHELP.DLL
0x00007ffd63b30000 - 0x00007ffd63b64000 	C:\Windows\SYSTEM32\dbgcore.DLL
0x00007ffd83b70000 - 0x00007ffd83bf2000 	C:\Windows\System32\bcryptPrimitives.dll
0x00007ffd7fd70000 - 0x00007ffd7fd7e000 	C:\Program Files\Java\jdk-17\bin\instrument.dll
0x00007ffd73170000 - 0x00007ffd73195000 	C:\Program Files\Java\jdk-17\bin\java.dll
0x00007ffd67810000 - 0x00007ffd678e7000 	C:\Program Files\Java\jdk-17\bin\jsvml.dll
0x00007ffd84140000 - 0x00007ffd848b0000 	C:\Windows\System32\SHELL32.dll
0x00007ffd81370000 - 0x00007ffd81b15000 	C:\Windows\SYSTEM32\windows.storage.dll
0x00007ffd853e0000 - 0x00007ffd85734000 	C:\Windows\System32\combase.dll
0x00007ffd82c90000 - 0x00007ffd82cbb000 	C:\Windows\SYSTEM32\Wldp.dll
0x00007ffd84ff0000 - 0x00007ffd850bd000 	C:\Windows\System32\OLEAUT32.dll
0x00007ffd85b40000 - 0x00007ffd85bed000 	C:\Windows\System32\SHCORE.dll
0x00007ffd84f90000 - 0x00007ffd84feb000 	C:\Windows\System32\shlwapi.dll
0x00007ffd83270000 - 0x00007ffd83294000 	C:\Windows\SYSTEM32\profapi.dll
0x00007ffd7e150000 - 0x00007ffd7e168000 	C:\Program Files\Java\jdk-17\bin\zip.dll
0x00007ffd73150000 - 0x00007ffd73169000 	C:\Program Files\Java\jdk-17\bin\net.dll
0x00007ffd766f0000 - 0x00007ffd767fa000 	C:\Windows\SYSTEM32\WINHTTP.dll
0x00007ffd82a70000 - 0x00007ffd82ada000 	C:\Windows\system32\mswsock.dll
0x00007ffd6b610000 - 0x00007ffd6b626000 	C:\Program Files\Java\jdk-17\bin\nio.dll
0x00007ffd7e7e0000 - 0x00007ffd7e7f0000 	C:\Program Files\Java\jdk-17\bin\verify.dll
0x00007ffd7dcf0000 - 0x00007ffd7dd17000 	C:\Users\Master\.gradle\native\660c5614fbf4a5f2a75b1949f50a0caf5cd603558e7d8a26e50b933a0cfb79d1\windows-amd64\native-platform.dll
0x00007ffd59040000 - 0x00007ffd590b7000 	C:\Users\Master\.gradle\native\0.2.8\x86_64-windows-gnu\gradle-fileevents.dll
0x00007ffd7e120000 - 0x00007ffd7e12a000 	C:\Program Files\Java\jdk-17\bin\management.dll
0x00007ffd7d600000 - 0x00007ffd7d60b000 	C:\Program Files\Java\jdk-17\bin\management_ext.dll
0x00007ffd82720000 - 0x00007ffd8275b000 	C:\Windows\SYSTEM32\IPHLPAPI.DLL
0x00007ffd850c0000 - 0x00007ffd850c8000 	C:\Windows\System32\NSI.dll
0x00007ffd7be50000 - 0x00007ffd7be67000 	C:\Windows\SYSTEM32\dhcpcsvc6.DLL
0x00007ffd7bdc0000 - 0x00007ffd7bddd000 	C:\Windows\SYSTEM32\dhcpcsvc.DLL
0x00007ffd82760000 - 0x00007ffd8282a000 	C:\Windows\SYSTEM32\DNSAPI.dll
0x00007ffd82cd0000 - 0x00007ffd82ce8000 	C:\Windows\SYSTEM32\CRYPTSP.dll
0x00007ffd82340000 - 0x00007ffd82378000 	C:\Windows\system32\rsaenh.dll
0x00007ffd83230000 - 0x00007ffd8325e000 	C:\Windows\SYSTEM32\USERENV.dll
0x00007ffd82c00000 - 0x00007ffd82c0c000 	C:\Windows\SYSTEM32\CRYPTBASE.dll
0x00007ffd7bd20000 - 0x00007ffd7bd2e000 	C:\Program Files\Java\jdk-17\bin\sunmscapi.dll
0x00007ffd83340000 - 0x00007ffd8349d000 	C:\Windows\System32\CRYPT32.dll
0x00007ffd82de0000 - 0x00007ffd82e07000 	C:\Windows\SYSTEM32\ncrypt.dll
0x00007ffd82da0000 - 0x00007ffd82ddb000 	C:\Windows\SYSTEM32\NTASN1.dll
0x00007ffd035a0000 - 0x00007ffd035a7000 	C:\Windows\system32\wshunix.dll
0x00007ffd7b8e0000 - 0x00007ffd7b8ea000 	C:\Windows\System32\rasadhlp.dll
0x00007ffd75c00000 - 0x00007ffd75c80000 	C:\Windows\System32\fwpuclnt.dll

dbghelp: loaded successfully - version: 4.0.5 - missing functions: none
symbol engine: initialized successfully - sym options: 0x614 - pdb path: .;C:\Program Files\Java\jdk-17\bin;C:\Windows\SYSTEM32;C:\Windows\WinSxS\amd64_microsoft.windows.common-controls_6595b64144ccf1df_6.0.19041.6456_none_60b8a6cb71f64256;C:\Program Files\Java\jdk-17\bin\server;C:\Users\Master\.gradle\native\660c5614fbf4a5f2a75b1949f50a0caf5cd603558e7d8a26e50b933a0cfb79d1\windows-amd64;C:\Users\Master\.gradle\native\0.2.8\x86_64-windows-gnu

VM Arguments:
jvm_args: --add-opens=java.base/java.lang=ALL-UNNAMED --add-opens=java.base/java.lang.invoke=ALL-UNNAMED --add-opens=java.base/java.util=ALL-UNNAMED --add-opens=java.prefs/java.util.prefs=ALL-UNNAMED --add-exports=jdk.compiler/com.sun.tools.javac.api=ALL-UNNAMED --add-exports=jdk.compiler/com.sun.tools.javac.util=ALL-UNNAMED --add-opens=java.base/java.util=ALL-UNNAMED --add-opens=java.prefs/java.util.prefs=ALL-UNNAMED --add-opens=java.base/java.nio.charset=ALL-UNNAMED --add-opens=java.base/java.net=ALL-UNNAMED --add-opens=java.base/java.util.concurrent=ALL-UNNAMED --add-opens=java.base/java.util.concurrent.atomic=ALL-UNNAMED --add-opens=java.xml/javax.xml.namespace=ALL-UNNAMED --add-opens=java.base/java.time=ALL-UNNAMED -XX:MaxMetaspaceSize=384m -XX:+HeapDumpOnOutOfMemoryError -Xms256m -Xmx512m -Dfile.encoding=UTF-8 -Duser.country=KR -Duser.language=ko -Duser.variant -javaagent:C:\Users\Master\.gradle\wrapper\dists\gradle-9.4.1-bin\arn2x92ynaizyzdaamcbpbhtj\gradle-9.4.1\lib\agents\gradle-instrumentation-agent-9.4.1.jar 
java_command: org.gradle.launcher.daemon.bootstrap.GradleDaemon 9.4.1
java_class_path (initial): C:\Users\Master\.gradle\wrapper\dists\gradle-9.4.1-bin\arn2x92ynaizyzdaamcbpbhtj\gradle-9.4.1\lib\gradle-daemon-main-9.4.1.jar
Launcher Type: SUN_STANDARD

[Global flags]
     intx CICompilerCount                          = 4                                         {product} {ergonomic}
   size_t CompressedClassSpaceSize                 = 335544320                                 {product} {ergonomic}
     uint ConcGCThreads                            = 2                                         {product} {ergonomic}
     uint G1ConcRefinementThreads                  = 8                                         {product} {ergonomic}
   size_t G1HeapRegionSize                         = 1048576                                   {product} {ergonomic}
    uintx GCDrainStackTargetSize                   = 64                                        {product} {ergonomic}
     bool HeapDumpOnOutOfMemoryError               = true                                   {manageable} {command line}
   size_t InitialHeapSize                          = 268435456                                 {product} {command line}
   size_t MarkStackSize                            = 4194304                                   {product} {ergonomic}
   size_t MaxHeapSize                              = 536870912                                 {product} {command line}
   size_t MaxMetaspaceSize                         = 402653184                                 {product} {command line}
   size_t MaxNewSize                               = 321912832                                 {product} {ergonomic}
   size_t MinHeapDeltaBytes                        = 1048576                                   {product} {ergonomic}
   size_t MinHeapSize                              = 268435456                                 {product} {command line}
    uintx NonNMethodCodeHeapSize                   = 5839372                                {pd product} {ergonomic}
    uintx NonProfiledCodeHeapSize                  = 122909434                              {pd product} {ergonomic}
    uintx ProfiledCodeHeapSize                     = 122909434                              {pd product} {ergonomic}
    uintx ReservedCodeCacheSize                    = 251658240                              {pd product} {ergonomic}
     bool SegmentedCodeCache                       = true                                      {product} {ergonomic}
   size_t SoftMaxHeapSize                          = 536870912                              {manageable} {ergonomic}
     bool UseCompressedClassPointers               = true                           {product lp64_product} {ergonomic}
     bool UseCompressedOops                        = true                           {product lp64_product} {ergonomic}
     bool UseG1GC                                  = true                                      {product} {ergonomic}
     bool UseLargePagesIndividualAllocation        = false                                  {pd product} {ergonomic}

Logging:
Log output configuration:
 #0: stdout all=warning uptime,level,tags
 #1: stderr all=off uptime,level,tags

Environment Variables:
JAVA_HOME=C:\Program Files\Java\jdk-17
PATH=C:\Program Files\Java\jdk-17\n;C:\Program Files\Java\jdk-21.0.5\bin;C:\Program Files\Common Files\Oracle\Java\javapath;C:\app\Master\product\dbhomeXE\bin;C:\Program Files (x86)\NAT Service;C:\Windows\system32;C:\Windows;C:\Windows\System32\Wbem;C:\Windows\System32\WindowsPowerShell\v1.0\;C:\Windows\System32\OpenSSH\;C:\Program Files\dotnet\;C:\Program Files\Docker\Docker\resources\bin;C:\Program Files\Bandizip\;C:\Program Files\TortoiseSVN\bin;C:\Program Files\Git\cmd;C:\Users\Master\Desktop\OpenJDK21U-jdk_x64_windows_hotspot_21.0.6_7\jdk-21.0.5;C:\Program Files\JetBrains\IntelliJ IDEA 2025.1.1.1\bin;;C:\Users\Master\AppData\Local\Programs\Microsoft VS Code\bin;;C:\Program Files\JetBrains\IntelliJ IDEA Community Edition 2025.1.1.1\bin;
USERNAME=Master
OS=Windows_NT
PROCESSOR_IDENTIFIER=Intel64 Family 6 Model 166 Stepping 0, GenuineIntel



---------------  S Y S T E M  ---------------

OS:
 Windows 10 , 64 bit Build 19041 (10.0.19041.5915)
OS uptime: 15 days 2:53 hours
Hyper-V role detected

CPU: total 8 (initial active 8) (4 cores per cpu, 2 threads per core) family 6 model 166 stepping 0 microcode 0xc6, cx8, cmov, fxsr, ht, mmx, 3dnowpref, sse, sse2, sse3, ssse3, sse4.1, sse4.2, popcnt, lzcnt, tsc, tscinvbit, avx, avx2, aes, erms, clmul, bmi1, bmi2, adx, fma, vzeroupper, clflush, clflushopt, hv

Memory: 4k page, system-wide physical 16198M (589M free)
TotalPageFile size 46642M (AvailPageFile size 68M)
current process WorkingSet (physical memory assigned to process): 433M, peak: 449M
current process commit charge ("private bytes"): 526M, peak: 542M

vm_info: Java HotSpot(TM) 64-Bit Server VM (17.0.12+8-LTS-286) for windows-amd64 JRE (17.0.12+8-LTS-286), built on Jun  5 2024 06:46:59 by "mach5one" with MS VC++ 17.6 (VS2022)

END.
